
443A5C455C51744578616D706C656E65775C71746C6962735F6D696E67773733305F3332202D20B8B1B1BE5C72656C656173655C33325C636F6465736574732E657865D:/E/QtExamplenew/qtlibs_mingw730_32 - 副本/release/32\reg/
D:/E/QtExamplenew/qtlibs_mingw730_32 - 副本/release/32\reg/
443a2f452f51744578616d706c656e65772f71746c6962735f6d696e67773733305f3332202d203f3f2f72656c656173652f33325c7265672f0a
443A5C455C51744578616D706C656E65775C71746C6962735F6D696E67773733305F3332202D20B8B1B1BE5C72656C656173655C33325C636F6465736574732E657865[proc_frequse_config]add config:C/LOOP/FOR
[proc_frequse_config]add config:C/LOOP/FOR ARRAYSIZE
[proc_frequse_config]add config:CXX/LOOP/vector
[proc_frequse_config]add config:CXX/LOOP/vector
[proc_frequse_config]add config:CXX/LOOP/vector
[proc_frequse_config]add config:CXX/LOOP/vector for
[deleteFileSameLine] prepare ignore save:CXX/LOOP/vector for
[deleteFileSameLine] filename:reg/selfmenu.txt
[deleteFileSameLine] prepare ignore save:CXX/LOOP/vector for
[deleteFileSameLine] ignore save:CXX/LOOP/vector for
[deleteFileSameLine] filename:reg/selfmenu_user.txt
[deleteFileSameLine] prepare ignore save:CXX/LOOP/vector for
[deleteFileSameLine] ignore save:CXX/LOOP/vector for
[deleteFileSameLine] filename:reg/frequse.txt
[proc_frequse_config]add config:CXX/LOOP/vector for
reg/after/CXX/LOOP/vector for.txt
reg/after/CXX/LOOP/vector for.txt
7265672f61667465722f4358582f4c4f4f502f766563746f7220666f722e7478740a[proc_frequse_config]add config:C/enum/enum
[proc_frequse_config]add config:C/enum/enum single
[proc_frequse_config]add config:C/enum/enum single
[proc_frequse_config]add config:C/enum/enum single withname
[proc_frequse_config]add config:C/enum/enum single
[proc_frequse_config]add config:C/enum/enum
[proc_frequse_config]add config:C/enum/enum single
[proc_frequse_config]add config:C/enum/enum single withname
[proc_frequse_config]add config:C/enum/enum single
D:/E/QtExamplenew/qtlibs_mingw730_32 - 副本/release/32\reg/normalfiles.txt
D:/E/QtExamplenew/qtlibs_mingw730_32 - 副本/release/32\reg/normalfiles.txt
443a2f452f51744578616d706c656e65772f71746c6962735f6d696e67773733305f3332202d203f3f2f72656c656173652f33325c7265672f6e6f726d616c66696c65732e7478740aD:/E/QtExamplenew/qtlibs_mingw730_32 - 副本/release/32\reg/selfmode_allline_execmulti.txt
D:/E/QtExamplenew/qtlibs_mingw730_32 - 副本/release/32\reg/selfmode_allline_execmulti.txt
443a2f452f51744578616d706c656e65772f71746c6962735f6d696e67773733305f3332202d203f3f2f72656c656173652f33325c7265672f73656c666d6f64655f616c6c6c696e655f657865636d756c74692e7478740aD:/E/QtExamplenew/qtlibs_mingw730_32 - 副本/release/32\reg/selfmode_singleline_execmulti.txt
D:/E/QtExamplenew/qtlibs_mingw730_32 - 副本/release/32\reg/selfmode_singleline_execmulti.txt
443a2f452f51744578616d706c656e65772f71746c6962735f6d696e67773733305f3332202d203f3f2f72656c656173652f33325c7265672f73656c666d6f64655f73696e676c656c696e655f657865636d756c74692e7478740aD:/E/QtExamplenew/qtlibs_mingw730_32 - 副本/release/32\reg/selfmode_singleline_execsingle.txt
D:/E/QtExamplenew/qtlibs_mingw730_32 - 副本/release/32\reg/selfmode_singleline_execsingle.txt
443a2f452f51744578616d706c656e65772f71746c6962735f6d696e67773733305f3332202d203f3f2f72656c656173652f33325c7265672f73656c666d6f64655f73696e676c656c696e655f6578656373696e676c652e7478740aD:/E/QtExamplenew/qtlibs_mingw730_32 - 副本/release/32\reg/selfmenu.txt
D:/E/QtExamplenew/qtlibs_mingw730_32 - 副本/release/32\reg/selfmenu.txt
443a2f452f51744578616d706c656e65772f71746c6962735f6d696e67773733305f3332202d203f3f2f72656c656173652f33325c7265672f73656c666d656e752e7478740aD:/E/QtExamplenew/qtlibs_mingw730_32 - 副本/release/32\reg/selfmenu_user.txt
D:/E/QtExamplenew/qtlibs_mingw730_32 - 副本/release/32\reg/selfmenu_user.txt
443a2f452f51744578616d706c656e65772f71746c6962735f6d696e67773733305f3332202d203f3f2f72656c656173652f33325c7265672f73656c666d656e755f757365722e7478740a[proc_frequse_config]add config:C/STRUCT/生成结构体
D:/E/QtExamplenew/qtlibs_mingw730_32 - 副本/release/32\reg/
D:/E/QtExamplenew/qtlibs_mingw730_32 - 副本/release/32\reg/
443a2f452f51744578616d706c656e65772f71746c6962735f6d696e67773733305f3332202d203f3f2f72656c656173652f33325c7265672f0a
443A5C455C51744578616D706C656E65775C71746C6962735F6D696E67773733305F3332202D20B8B1B1BE5C72656C656173655C33325C636F6465736574732E657865[proc_frequse_config]add config:C/enum/enum
[proc_frequse_config]add config:C/enum/enum single
[proc_frequse_config]add config:C/enum/enum single withname
[proc_frequse_config]add config:C/enum/enum
[proc_frequse_config]add config:C/enum/enum single
[proc_frequse_config]add config:C/enum/enum
[proc_frequse_config]add config:C/enum/enum single
[proc_frequse_config]add config:C/enum/enum single withname
[proc_frequse_config]add config:C/enum/enum single
[proc_frequse_config]add config:C/enum/enum
[proc_frequse_config]add config:C/enum/enum single
[proc_frequse_config]add config:C/enum/enum single withname
[proc_frequse_config]add config:C/enum/enum single
[proc_frequse_config]add config:C/enum/enum single
[proc_frequse_config]add config:C/enum/enum single withname
[proc_frequse_config]add config:C/enum/enum
[proc_frequse_config]add config:C/enum/enum single
[proc_frequse_config]add config:C/enum/enum single withname
[proc_frequse_config]add config:C/enum/enum single withname
[proc_frequse_config]add config:C/enum/enum single
[proc_frequse_config]add config:C/enum/enum single withname
[proc_frequse_config]add config:C/enum/enum single withname typedef
[proc_frequse_config]add config:C/enum/enum single withname
[proc_frequse_config]add config:C/enum/enum single withname typedef
[proc_frequse_config]add config:C/enum/enum single withname
[proc_frequse_config]add config:C/enum/enum single withname typedef
[proc_frequse_config]add config:C/enum/enum single withname
[proc_frequse_config]add config:C/enum/enum single withname
[proc_frequse_config]add config:C/enum/enum single withname typedef
[proc_frequse_config]add config:C/enum/enum single withname typedef
D:/E/QtExamplenew/qtlibs_mingw730_32 - 副本/release/32\reg/normalfiles.txt
D:/E/QtExamplenew/qtlibs_mingw730_32 - 副本/release/32\reg/normalfiles.txt
443a2f452f51744578616d706c656e65772f71746c6962735f6d696e67773733305f3332202d203f3f2f72656c656173652f33325c7265672f6e6f726d616c66696c65732e7478740aD:/E/QtExamplenew/qtlibs_mingw730_32 - 副本/release/32\reg/selfmode_allline_execmulti.txt
D:/E/QtExamplenew/qtlibs_mingw730_32 - 副本/release/32\reg/selfmode_allline_execmulti.txt
443a2f452f51744578616d706c656e65772f71746c6962735f6d696e67773733305f3332202d203f3f2f72656c656173652f33325c7265672f73656c666d6f64655f616c6c6c696e655f657865636d756c74692e7478740aD:/E/QtExamplenew/qtlibs_mingw730_32 - 副本/release/32\reg/selfmode_singleline_execmulti.txt
D:/E/QtExamplenew/qtlibs_mingw730_32 - 副本/release/32\reg/selfmode_singleline_execmulti.txt
443a2f452f51744578616d706c656e65772f71746c6962735f6d696e67773733305f3332202d203f3f2f72656c656173652f33325c7265672f73656c666d6f64655f73696e676c656c696e655f657865636d756c74692e7478740aD:/E/QtExamplenew/qtlibs_mingw730_32 - 副本/release/32\reg/selfmode_singleline_execsingle.txt
D:/E/QtExamplenew/qtlibs_mingw730_32 - 副本/release/32\reg/selfmode_singleline_execsingle.txt
443a2f452f51744578616d706c656e65772f71746c6962735f6d696e67773733305f3332202d203f3f2f72656c656173652f33325c7265672f73656c666d6f64655f73696e676c656c696e655f6578656373696e676c652e7478740aD:/E/QtExamplenew/qtlibs_mingw730_32 - 副本/release/32\reg/selfmenu.txt
D:/E/QtExamplenew/qtlibs_mingw730_32 - 副本/release/32\reg/selfmenu.txt
443a2f452f51744578616d706c656e65772f71746c6962735f6d696e67773733305f3332202d203f3f2f72656c656173652f33325c7265672f73656c666d656e752e7478740aD:/E/QtExamplenew/qtlibs_mingw730_32 - 副本/release/32\reg/selfmenu_user.txt
D:/E/QtExamplenew/qtlibs_mingw730_32 - 副本/release/32\reg/selfmenu_user.txt
443a2f452f51744578616d706c656e65772f71746c6962735f6d696e67773733305f3332202d203f3f2f72656c656173652f33325c7265672f73656c666d656e755f757365722e7478740a
443A5C455C51744578616D706C656E65775C71746C6962735F6D696E67773733305F3332202D20B8B1B1BE5C72656C656173655C33325C636F6465736574732E657865[proc_frequse_config]add config:C/enum/enum single withname typedef
D:\E\QtExamplenew\qtlibs_mingw730_32 - 副本\release\32\codesets.exe

443A5C455C51744578616D706C656E65775C71746C6962735F6D696E67773733305F3332202D20B8B1B1BE5C72656C656173655C33325C636F6465736574732E657865[proc_frequse_config]add config:C/enum/enum
[proc_frequse_config]add config:C/enum/enum single
[proc_frequse_config]add config:C/enum/enum single withname
[proc_frequse_config]add config:C/enum/enum single withname typedef

443A5C455C51744578616D706C656E65775C71746C6962735F6D696E67773733305F3332202D20B8B1B1BE5C72656C656173655C33325C636F6465736574732E657865[proc_frequse_config]add config:BASH/语句/if-elif-else语句

443A5C455C51744578616D706C656E65775C71746C6962735F6D696E67773733305F3332202D20B8B1B1BE5C72656C656173655C33325C636F6465736574732E657865[proc_frequse_config]add config:BASH/语句/if-elif-else语句
[proc_frequse_config]add config:C/enum/enum single withname typedef
[proc_frequse_config]add config:C/enum/enum single withname
[proc_frequse_config]add config:C/enum/enum single
[proc_frequse_config]add config:C/enum/enum single withname
[proc_frequse_config]add config:C/enum/enum single withname typedef
[proc_frequse_config]add config:C/enum/enum single withname
[proc_frequse_config]add config:C/enum/enum single
[proc_frequse_config]add config:C/enum/enum
[proc_frequse_config]add config:C/STRUCT/生成结构体
[proc_frequse_config]add config:CXX/LOOP/vector for
[proc_frequse_config]add config:CXX/LOOP/vector
[proc_frequse_config]add config:C/LOOP/FOR ARRAYSIZE
[proc_frequse_config]add config:C/LOOP/FOR
[proc_frequse_config]add config:C/LOOP/FOR ARRAYSIZE
[proc_frequse_config]add config:CXX/LOOP/vector for
[proc_frequse_config]add config:CXX/LOOP/vector
[proc_frequse_config]add config:C/LOOP/FOR ARRAYSIZE
[proc_frequse_config]add config:C/LOOP/FOR
[proc_frequse_config]add config:JAVA/css/include引用
[proc_frequse_config]add config:JAVA/javascript/src引用
[proc_frequse_config]add config:JAVA/css/include引用
[proc_frequse_config]add config:JAVA/JSP/内置对象/response函数/addHeader setHeader
[proc_frequse_config]add config:JAVA/javascript/src引用
[proc_frequse_config]add config:JAVA/css/include引用
[proc_frequse_config]add config:JAVA/javascript/src引用
[proc_frequse_config]add config:JAVA/css/include引用
[proc_frequse_config]add config:JAVA/JSP/内置对象/response函数/addHeader setHeader
[proc_frequse_config]add config:JAVA/JSP/page
[proc_frequse_config]add config:JAVA/JSP/head meta
[proc_frequse_config]add config:JAVA/JSP/head meta
[proc_frequse_config]add config:JAVA/JSP/head meta http-equiv
[proc_frequse_config]add config:JAVA/JSP/head meta
[proc_frequse_config]add config:JAVA/JSP/head meta http-equiv
[proc_frequse_config]add config:JAVA/JSP/head meta
[proc_frequse_config]add config:JAVA/JSP/head title
[proc_frequse_config]add config:JAVA/JSP/body nav 顶部菜单

443A5C455C51744578616D706C656E65775C71746C6962735F6D696E67773733305F3332202D20B8B1B1BE5C72656C656173655C33325C636F6465736574732E657865[proc_frequse_config]add config:PACKET Parse/TCP
[proc_frequse_config]add config:KERNEL/宏/_IO
[proc_frequse_config]add config:KERNEL/网址/常用的http

443A5C455C51744578616D706C656E65775C71746C6962735F6D696E67773733305F3332202D20B8B1B1BE5C72656C656173655C33325C636F6465736574732E657865D:\E\QtExamplenew\qtlibs_mingw730_32 - 副本\release\32\codesets.exe

443A5C455C51744578616D706C656E65775C71746C6962735F6D696E67773733305F3332202D20B8B1B1BE5C72656C656173655C36345C636F6465736574732E657865[proc_frequse_config]add config:KERNEL/网址/常用的http
[proc_frequse_config]add config:KERNEL/宏/_IO
[proc_frequse_config]add config:PACKET Parse/TCP
[proc_frequse_config]add config:JAVA/JSP/page
[proc_frequse_config]add config:CXX/LOOP/vector for
[proc_frequse_config]add config:C/enum/enum single withname
D:\E\QtExamplenew\qtlibs_mingw730_32 - 副本\release\64\codesets.exe
