#
# There is insufficient memory for the Java Runtime Environment to continue.
# Native memory allocation (mmap) failed to map 177209344 bytes for committing reserved memory.
# Possible reasons:
#   The system is out of physical RAM or swap space
#   The process is running with CompressedOops enabled, and the Java Heap may be blocking the growth of the native heap
# Possible solutions:
#   Reduce memory load on the system
#   Increase physical memory or swap space
#   Check if swap backing store is full
#   Decrease Java heap size (-Xmx/-Xms)
#   Decrease number of Java threads
#   Decrease Java thread stack sizes (-Xss)
#   Set larger code cache with -XX:ReservedCodeCacheSize=
#   JVM is running with Unscaled Compressed Oops mode in which the Java heap is
#     placed in the first 4GB address space. The Java Heap base address is the
#     maximum limit for the native heap growth. Please use -XX:HeapBaseMinAddress
#     to set the Java Heap base and to place the Java Heap above 4GB virtual address.
# This output file may be truncated or incomplete.
#
#  Out of Memory Error (os_linux.cpp:3120), pid=5329, tid=5336
#
# JRE version: OpenJDK Runtime Environment (Red_Hat-11.0.17.0.8-2.el7_9) (11.0.17+8) (build 11.0.17+8-LTS)
# Java VM: OpenJDK 64-Bit Server VM (Red_Hat-11.0.17.0.8-2.el7_9) (11.0.17+8-LTS, mixed mode, sharing, tiered, compressed oops, g1 gc, linux-amd64)
# No core dump will be written. Core dumps have been disabled. To enable core dumping, try "ulimit -c unlimited" before starting Java again
#

---------------  S U M M A R Y ------------

Command Line: -Djava.util.logging.config.file=/root/soft/opengrok-1.5.12/etc/logging.properties /root/soft/opengrok-1.5.12/lib/opengrok.jar -c /usr/local/bin/ctags -s /root/work/git/ -d /root/soft/opengrok-1.5.12/data -H -P -S -G -W /root/soft/opengrok-1.5.12/etc/configuration.xml -U http://localhost:8081/source

Host: Intel(R) Xeon(R) Gold 6133 CPU @ 2.50GHz, 2 cores, 3G, CentOS Linux release 7.6.1810 (Core) 
Time: Tue Mar 28 00:12:30 2023 CST elapsed time: 808.993388 seconds (0d 0h 13m 28s)

---------------  T H R E A D  ---------------

Current thread (0x00007f459c116000):  VMThread "VM Thread" [stack: 0x00007f457cd2a000,0x00007f457ce2a000] [id=5336]

Stack: [0x00007f457cd2a000,0x00007f457ce2a000],  sp=0x00007f457ce27db0,  free space=1015k
Native frames: (J=compiled Java code, A=aot compiled Java code, j=interpreted, Vv=VM code, C=native code)
V  [libjvm.so+0xf08d52]  VMError::report_and_die(int, char const*, char const*, __va_list_tag*, Thread*, unsigned char*, void*, void*, char const*, int, unsigned long)+0x1c2
V  [libjvm.so+0xf09d03]  VMError::report_and_die(Thread*, char const*, int, unsigned long, VMErrorType, char const*, __va_list_tag*)+0x43
V  [libjvm.so+0x6fcf30]  report_vm_out_of_memory(char const*, int, unsigned long, VMErrorType, char const*, ...)+0x110
V  [libjvm.so+0xc590e9]  os::pd_commit_memory_or_exit(char*, unsigned long, unsigned long, bool, char const*)+0xe9
V  [libjvm.so+0xc51a3c]  os::commit_memory_or_exit(char*, unsigned long, unsigned long, bool, char const*)+0x2c
V  [libjvm.so+0x80fb51]  G1PageBasedVirtualSpace::commit_preferred_pages(unsigned long, unsigned long)+0x71
V  [libjvm.so+0x80fca5]  G1PageBasedVirtualSpace::commit_internal(unsigned long, unsigned long)+0x85
V  [libjvm.so+0x80fe9a]  G1PageBasedVirtualSpace::commit(unsigned long, unsigned long)+0x10a
V  [libjvm.so+0x817976]  G1RegionsLargerThanCommitSizeMapper::commit_regions(unsigned int, unsigned long, WorkGang*)+0x46
V  [libjvm.so+0x888468]  HeapRegionManager::commit_regions(unsigned int, unsigned long, WorkGang*)+0x88
V  [libjvm.so+0x888fc4]  HeapRegionManager::make_regions_available(unsigned int, unsigned int, WorkGang*)+0x34
V  [libjvm.so+0x889509]  HeapRegionManager::expand_by(unsigned int, WorkGang*)+0x99
V  [libjvm.so+0x7cfff0]  G1CollectedHeap::expand(unsigned long, WorkGang*, double*)+0xc0
V  [libjvm.so+0x7d4112]  G1CollectedHeap::do_collection_pause_at_safepoint(double)+0xad2
V  [libjvm.so+0xf13a22]  VM_G1CollectForAllocation::doit()+0x82
V  [libjvm.so+0xf0b860]  VM_Operation::evaluate()+0xe0
V  [libjvm.so+0xf118ef]  VMThread::evaluate_operation(VM_Operation*)+0x11f
V  [libjvm.so+0xf11d6e]  VMThread::loop()+0x28e
V  [libjvm.so+0xf122dc]  VMThread::run()+0x7c
V  [libjvm.so+0xe9ca7a]  Thread::call_run()+0x16a
V  [libjvm.so+0xc5ef88]  thread_native_entry(Thread*)+0xe8

VM_Operation (0x00007f45559b9d50): G1CollectForAllocation, mode: safepoint, requested by thread 0x00007f455c139800


---------------  P R O C E S S  ---------------

Threads class SMR info:
_java_thread_list=0x00007f45403a8e40, length=21, elements={
0x00007f459c015800, 0x00007f459c119000, 0x00007f459c11b000, 0x00007f459c120800,
0x00007f459c122800, 0x00007f459c125000, 0x00007f459c127000, 0x00007f459c129000,
0x00007f459c16b000, 0x00007f459c938000, 0x00007f459c939000, 0x00007f455c009000,
0x00007f459c130800, 0x00007f459c131800, 0x0000562e47a70800, 0x00007f45680ee800,
0x00007f453806b800, 0x00007f4538094000, 0x00007f45380a7000, 0x00007f4538028000,
0x00007f455c139800
}

Java Threads: ( => current thread )
  0x00007f459c015800 JavaThread "main" [_thread_blocked, id=5330, stack(0x00007f45a3429000,0x00007f45a352a000)]
  0x00007f459c119000 JavaThread "Reference Handler" daemon [_thread_blocked, id=5337, stack(0x00007f457cc27000,0x00007f457cd28000)]
  0x00007f459c11b000 JavaThread "Finalizer" daemon [_thread_blocked, id=5338, stack(0x00007f457cb26000,0x00007f457cc27000)]
  0x00007f459c120800 JavaThread "Signal Dispatcher" daemon [_thread_blocked, id=5339, stack(0x00007f457ca25000,0x00007f457cb26000)]
  0x00007f459c122800 JavaThread "Service Thread" daemon [_thread_blocked, id=5340, stack(0x00007f457c924000,0x00007f457ca25000)]
  0x00007f459c125000 JavaThread "C2 CompilerThread0" daemon [_thread_blocked, id=5341, stack(0x00007f457c823000,0x00007f457c924000)]
  0x00007f459c127000 JavaThread "C1 CompilerThread0" daemon [_thread_blocked, id=5342, stack(0x00007f457c722000,0x00007f457c823000)]
  0x00007f459c129000 JavaThread "Sweeper thread" daemon [_thread_blocked, id=5343, stack(0x00007f457c621000,0x00007f457c722000)]
  0x00007f459c16b000 JavaThread "Common-Cleaner" daemon [_thread_blocked, id=5345, stack(0x00007f457c41e000,0x00007f457c51f000)]
  0x00007f459c938000 JavaThread "pool-1-thread-1" [_thread_blocked, id=5360, stack(0x00007f45758e5000,0x00007f45759e6000)]
  0x00007f459c939000 JavaThread "pool-1-thread-2" [_thread_blocked, id=5361, stack(0x00007f45757e4000,0x00007f45758e5000)]
  0x00007f455c009000 JavaThread "process reaper" daemon [_thread_in_native, id=5373, stack(0x00007f45a0000000,0x00007f45a0022000)]
  0x00007f459c130800 JavaThread "pool-2-thread-1" [_thread_blocked, id=7221, stack(0x00007f45752df000,0x00007f45753e0000)]
  0x00007f459c131800 JavaThread "pool-2-thread-2" [_thread_blocked, id=7222, stack(0x00007f45755e2000,0x00007f45756e3000)]
  0x0000562e47a70800 JavaThread "ForkJoinPool-1-worker-1" daemon [_thread_blocked, id=7255, stack(0x00007f45754e1000,0x00007f45755e2000)]
  0x00007f45680ee800 JavaThread "ForkJoinPool.commonPool-worker-3" daemon [_thread_blocked, id=7307, stack(0x00007f45559bc000,0x00007f4555abd000)]
  0x00007f453806b800 JavaThread "Thread-215" daemon [_thread_in_native, id=7537, stack(0x00007f4574901000,0x00007f4574a02000)]
  0x00007f4538094000 JavaThread "ctags-watcher-241" [_thread_blocked, id=7539, stack(0x00007f4515486000,0x00007f4515587000)]
  0x00007f45380a7000 JavaThread "process reaper" daemon [_thread_in_native, id=7562, stack(0x00007f45a3381000,0x00007f45a33a3000)]
  0x00007f4538028000 JavaThread "Thread-216" daemon [_thread_in_native, id=7563, stack(0x00007f4512223000,0x00007f4512324000)]
  0x00007f455c139800 JavaThread "Lucene Merge Thread #0" daemon [_thread_blocked, id=8479, stack(0x00007f45558bb000,0x00007f45559bc000)]

Other Threads:
=>0x00007f459c116000 VMThread "VM Thread" [stack: 0x00007f457cd2a000,0x00007f457ce2a000] [id=5336]
  0x00007f459c169000 WatcherThread [stack: 0x00007f457c521000,0x00007f457c621000] [id=5344]
  0x00007f459c02d000 GCTaskThread "GC Thread#0" [stack: 0x00007f4584115000,0x00007f4584215000] [id=5331]
  0x00007f4568001000 GCTaskThread "GC Thread#1" [stack: 0x00007f457c10c000,0x00007f457c20c000] [id=5346]
  0x00007f459c047000 ConcurrentGCThread "G1 Main Marker" [stack: 0x00007f457dbb5000,0x00007f457dcb5000] [id=5332]
  0x00007f459c049000 ConcurrentGCThread "G1 Conc#0" [stack: 0x00007f457dab3000,0x00007f457dbb3000] [id=5333]
  0x00007f459c081000 ConcurrentGCThread "G1 Refine#0" [stack: 0x00007f457d7af000,0x00007f457d8af000] [id=5334]
  0x00007f459c083000 ConcurrentGCThread "G1 Young RemSet Sampling" [stack: 0x00007f457d6ad000,0x00007f457d7ad000] [id=5335]

Threads with active compile tasks:

VM state:at safepoint (normal execution)

VM Mutex/Monitor currently owned by a thread:  ([mutex/lock_event])
[0x00007f459c012500] Threads_lock - owner thread: 0x00007f459c116000
[0x00007f459c012ce0] Heap_lock - owner thread: 0x00007f455c139800

Heap address: 0x00000000c6400000, size: 924 MB, Compressed Oops mode: 32-bit
Narrow klass base: 0x0000000800000000, Narrow klass shift: 3
Compressed class space size: 1073741824 Address: 0x0000000840000000

Heap:
 garbage-first heap   total 447488K, used 60476K [0x00000000c6400000, 0x0000000100000000)
  region size 1024K, 2 young (2048K), 2 survivors (2048K)
 Metaspace       used 22530K, capacity 23502K, committed 23680K, reserved 1071104K
  class space    used 2443K, capacity 2862K, committed 2944K, reserved 1048576K
Heap Regions: E=young(eden), S=young(survivor), O=old, HS=humongous(starts), HC=humongous(continues), CS=collection set, F=free, A=archive, TAMS=top-at-mark-start (previous, next)
|   0|0x00000000c6400000, 0x00000000c6500000, 0x00000000c6500000|100%| O|  |TAMS 0x00000000c6500000, 0x00000000c6400000| Untracked 
|   1|0x00000000c6500000, 0x00000000c6600000, 0x00000000c6600000|100%| O|  |TAMS 0x00000000c6600000, 0x00000000c6500000| Untracked 
|   2|0x00000000c6600000, 0x00000000c6700000, 0x00000000c6700000|100%| O|  |TAMS 0x00000000c6700000, 0x00000000c6600000| Untracked 
|   3|0x00000000c6700000, 0x00000000c6800000, 0x00000000c6800000|100%| O|  |TAMS 0x00000000c6800000, 0x00000000c6700000| Untracked 
|   4|0x00000000c6800000, 0x00000000c6900000, 0x00000000c6900000|100%| O|  |TAMS 0x00000000c6900000, 0x00000000c6800000| Untracked 
|   5|0x00000000c6900000, 0x00000000c6900000, 0x00000000c6a00000|  0%| F|  |TAMS 0x00000000c6900000, 0x00000000c6900000| Untracked 
|   6|0x00000000c6a00000, 0x00000000c6a00000, 0x00000000c6b00000|  0%| F|  |TAMS 0x00000000c6a00000, 0x00000000c6a00000| Untracked 
|   7|0x00000000c6b00000, 0x00000000c6b00000, 0x00000000c6c00000|  0%| F|  |TAMS 0x00000000c6b00000, 0x00000000c6b00000| Untracked 
|   8|0x00000000c6c00000, 0x00000000c6c00000, 0x00000000c6d00000|  0%| F|  |TAMS 0x00000000c6c00000, 0x00000000c6c00000| Untracked 
|   9|0x00000000c6d00000, 0x00000000c6d00000, 0x00000000c6e00000|  0%| F|  |TAMS 0x00000000c6d00000, 0x00000000c6d00000| Untracked 
|  10|0x00000000c6e00000, 0x00000000c6e00000, 0x00000000c6f00000|  0%| F|  |TAMS 0x00000000c6e00000, 0x00000000c6e00000| Untracked 
|  11|0x00000000c6f00000, 0x00000000c7000000, 0x00000000c7000000|100%| O|  |TAMS 0x00000000c7000000, 0x00000000c6f00000| Untracked 
|  12|0x00000000c7000000, 0x00000000c7000000, 0x00000000c7100000|  0%| F|  |TAMS 0x00000000c7000000, 0x00000000c7000000| Untracked 
|  13|0x00000000c7100000, 0x00000000c7100000, 0x00000000c7200000|  0%| F|  |TAMS 0x00000000c7100000, 0x00000000c7100000| Untracked 
|  14|0x00000000c7200000, 0x00000000c7300000, 0x00000000c7300000|100%| O|  |TAMS 0x00000000c7300000, 0x00000000c7200000| Untracked 
|  15|0x00000000c7300000, 0x00000000c7400000, 0x00000000c7400000|100%| O|  |TAMS 0x00000000c7400000, 0x00000000c7300000| Untracked 
|  16|0x00000000c7400000, 0x00000000c7500000, 0x00000000c7500000|100%| O|  |TAMS 0x00000000c7500000, 0x00000000c7400000| Untracked 
|  17|0x00000000c7500000, 0x00000000c7500000, 0x00000000c7600000|  0%| F|  |TAMS 0x00000000c7500000, 0x00000000c7500000| Untracked 
|  18|0x00000000c7600000, 0x00000000c7700000, 0x00000000c7700000|100%| O|  |TAMS 0x00000000c7700000, 0x00000000c7600000| Untracked 
|  19|0x00000000c7700000, 0x00000000c7800000, 0x00000000c7800000|100%| O|  |TAMS 0x00000000c7800000, 0x00000000c7700000| Untracked 
|  20|0x00000000c7800000, 0x00000000c7800000, 0x00000000c7900000|  0%| F|  |TAMS 0x00000000c7800000, 0x00000000c7800000| Untracked 
|  21|0x00000000c7900000, 0x00000000c7a00000, 0x00000000c7a00000|100%| O|  |TAMS 0x00000000c7a00000, 0x00000000c7900000| Untracked 
|  22|0x00000000c7a00000, 0x00000000c7b00000, 0x00000000c7b00000|100%| O|  |TAMS 0x00000000c7b00000, 0x00000000c7a00000| Untracked 
|  23|0x00000000c7b00000, 0x00000000c7c00000, 0x00000000c7c00000|100%| O|  |TAMS 0x00000000c7c00000, 0x00000000c7b00000| Untracked 
|  24|0x00000000c7c00000, 0x00000000c7c00000, 0x00000000c7d00000|  0%| F|  |TAMS 0x00000000c7c00000, 0x00000000c7c00000| Untracked 
|  25|0x00000000c7d00000, 0x00000000c7e00000, 0x00000000c7e00000|100%| O|  |TAMS 0x00000000c7e00000, 0x00000000c7d00000| Untracked 
|  26|0x00000000c7e00000, 0x00000000c7e00000, 0x00000000c7f00000|  0%| F|  |TAMS 0x00000000c7e00000, 0x00000000c7e00000| Untracked 
|  27|0x00000000c7f00000, 0x00000000c7f00000, 0x00000000c8000000|  0%| F|  |TAMS 0x00000000c7f00000, 0x00000000c7f00000| Untracked 
|  28|0x00000000c8000000, 0x00000000c8000000, 0x00000000c8100000|  0%| F|  |TAMS 0x00000000c8000000, 0x00000000c8000000| Untracked 
|  29|0x00000000c8100000, 0x00000000c8200000, 0x00000000c8200000|100%| O|  |TAMS 0x00000000c8200000, 0x00000000c8100000| Untracked 
|  30|0x00000000c8200000, 0x00000000c8200000, 0x00000000c8300000|  0%| F|  |TAMS 0x00000000c8200000, 0x00000000c8200000| Untracked 
|  31|0x00000000c8300000, 0x00000000c8300000, 0x00000000c8400000|  0%| F|  |TAMS 0x00000000c8300000, 0x00000000c8300000| Untracked 
|  32|0x00000000c8400000, 0x00000000c8400000, 0x00000000c8500000|  0%| F|  |TAMS 0x00000000c8400000, 0x00000000c8400000| Untracked 
|  33|0x00000000c8500000, 0x00000000c8500000, 0x00000000c8600000|  0%| F|  |TAMS 0x00000000c8500000, 0x00000000c8500000| Untracked 
|  34|0x00000000c8600000, 0x00000000c8600000, 0x00000000c8700000|  0%| F|  |TAMS 0x00000000c8600000, 0x00000000c8600000| Untracked 
|  35|0x00000000c8700000, 0x00000000c8700000, 0x00000000c8800000|  0%| F|  |TAMS 0x00000000c8700000, 0x00000000c8700000| Untracked 
|  36|0x00000000c8800000, 0x00000000c8800000, 0x00000000c8900000|  0%| F|  |TAMS 0x00000000c8800000, 0x00000000c8800000| Untracked 
|  37|0x00000000c8900000, 0x00000000c8900000, 0x00000000c8a00000|  0%| F|  |TAMS 0x00000000c8900000, 0x00000000c8900000| Untracked 
|  38|0x00000000c8a00000, 0x00000000c8a00000, 0x00000000c8b00000|  0%| F|  |TAMS 0x00000000c8a00000, 0x00000000c8a00000| Untracked 
|  39|0x00000000c8b00000, 0x00000000c8b00000, 0x00000000c8c00000|  0%| F|  |TAMS 0x00000000c8b00000, 0x00000000c8b00000| Untracked 
|  40|0x00000000c8c00000, 0x00000000c8c00000, 0x00000000c8d00000|  0%| F|  |TAMS 0x00000000c8c00000, 0x00000000c8c00000| Untracked 
|  41|0x00000000c8d00000, 0x00000000c8d00000, 0x00000000c8e00000|  0%| F|  |TAMS 0x00000000c8d00000, 0x00000000c8d00000| Untracked 
|  42|0x00000000c8e00000, 0x00000000c8e00000, 0x00000000c8f00000|  0%| F|  |TAMS 0x00000000c8e00000, 0x00000000c8e00000| Untracked 
|  43|0x00000000c8f00000, 0x00000000c8f00000, 0x00000000c9000000|  0%| F|  |TAMS 0x00000000c8f00000, 0x00000000c8f00000| Untracked 
|  44|0x00000000c9000000, 0x00000000c9000000, 0x00000000c9100000|  0%| F|  |TAMS 0x00000000c9000000, 0x00000000c9000000| Untracked 
|  45|0x00000000c9100000, 0x00000000c9100000, 0x00000000c9200000|  0%| F|  |TAMS 0x00000000c9100000, 0x00000000c9100000| Untracked 
|  46|0x00000000c9200000, 0x00000000c9200000, 0x00000000c9300000|  0%| F|  |TAMS 0x00000000c9200000, 0x00000000c9200000| Untracked 
|  47|0x00000000c9300000, 0x00000000c9300000, 0x00000000c9400000|  0%| F|  |TAMS 0x00000000c9300000, 0x00000000c9300000| Untracked 
|  48|0x00000000c9400000, 0x00000000c9400000, 0x00000000c9500000|  0%| F|  |TAMS 0x00000000c9400000, 0x00000000c9400000| Untracked 
|  49|0x00000000c9500000, 0x00000000c9500000, 0x00000000c9600000|  0%| F|  |TAMS 0x00000000c9500000, 0x00000000c9500000| Untracked 
|  50|0x00000000c9600000, 0x00000000c9600000, 0x00000000c9700000|  0%| F|  |TAMS 0x00000000c9600000, 0x00000000c9600000| Untracked 
|  51|0x00000000c9700000, 0x00000000c9700000, 0x00000000c9800000|  0%| F|  |TAMS 0x00000000c9700000, 0x00000000c9700000| Untracked 
|  52|0x00000000c9800000, 0x00000000c9800000, 0x00000000c9900000|  0%| F|  |TAMS 0x00000000c9800000, 0x00000000c9800000| Untracked 
|  53|0x00000000c9900000, 0x00000000c9900000, 0x00000000c9a00000|  0%| F|  |TAMS 0x00000000c9900000, 0x00000000c9900000| Untracked 
|  54|0x00000000c9a00000, 0x00000000c9a00000, 0x00000000c9b00000|  0%| F|  |TAMS 0x00000000c9a00000, 0x00000000c9a00000| Untracked 
|  55|0x00000000c9b00000, 0x00000000c9b00000, 0x00000000c9c00000|  0%| F|  |TAMS 0x00000000c9b00000, 0x00000000c9b00000| Untracked 
|  56|0x00000000c9c00000, 0x00000000c9c00000, 0x00000000c9d00000|  0%| F|  |TAMS 0x00000000c9c00000, 0x00000000c9c00000| Untracked 
|  57|0x00000000c9d00000, 0x00000000c9d00000, 0x00000000c9e00000|  0%| F|  |TAMS 0x00000000c9d00000, 0x00000000c9d00000| Untracked 
|  58|0x00000000c9e00000, 0x00000000c9e00000, 0x00000000c9f00000|  0%| F|  |TAMS 0x00000000c9e00000, 0x00000000c9e00000| Untracked 
|  59|0x00000000c9f00000, 0x00000000c9f00000, 0x00000000ca000000|  0%| F|  |TAMS 0x00000000c9f00000, 0x00000000c9f00000| Untracked 
|  60|0x00000000ca000000, 0x00000000ca000000, 0x00000000ca100000|  0%| F|  |TAMS 0x00000000ca000000, 0x00000000ca000000| Untracked 
|  61|0x00000000ca100000, 0x00000000ca100000, 0x00000000ca200000|  0%| F|  |TAMS 0x00000000ca100000, 0x00000000ca100000| Untracked 
|  62|0x00000000ca200000, 0x00000000ca300000, 0x00000000ca300000|100%| O|  |TAMS 0x00000000ca300000, 0x00000000ca200000| Untracked 
|  63|0x00000000ca300000, 0x00000000ca400000, 0x00000000ca400000|100%| O|  |TAMS 0x00000000ca400000, 0x00000000ca300000| Untracked 
|  64|0x00000000ca400000, 0x00000000ca500000, 0x00000000ca500000|100%| O|  |TAMS 0x00000000ca500000, 0x00000000ca400000| Untracked 
|  65|0x00000000ca500000, 0x00000000ca600000, 0x00000000ca600000|100%| O|  |TAMS 0x00000000ca600000, 0x00000000ca500000| Untracked 
|  66|0x00000000ca600000, 0x00000000ca700000, 0x00000000ca700000|100%| O|  |TAMS 0x00000000ca700000, 0x00000000ca600000| Untracked 
|  67|0x00000000ca700000, 0x00000000ca800000, 0x00000000ca800000|100%| O|  |TAMS 0x00000000ca800000, 0x00000000ca700000| Untracked 
|  68|0x00000000ca800000, 0x00000000ca900000, 0x00000000ca900000|100%| O|  |TAMS 0x00000000ca900000, 0x00000000ca800000| Untracked 
|  69|0x00000000ca900000, 0x00000000caa00000, 0x00000000caa00000|100%| O|  |TAMS 0x00000000caa00000, 0x00000000ca900000| Untracked 
|  70|0x00000000caa00000, 0x00000000cab00000, 0x00000000cab00000|100%| O|  |TAMS 0x00000000cab00000, 0x00000000caa00000| Untracked 
|  71|0x00000000cab00000, 0x00000000cac00000, 0x00000000cac00000|100%| O|  |TAMS 0x00000000cac00000, 0x00000000cab00000| Untracked 
|  72|0x00000000cac00000, 0x00000000cad00000, 0x00000000cad00000|100%|HS|  |TAMS 0x00000000cad00000, 0x00000000cac00000| Complete 
|  73|0x00000000cad00000, 0x00000000cad00000, 0x00000000cae00000|  0%| F|  |TAMS 0x00000000cad00000, 0x00000000cad00000| Untracked 
|  74|0x00000000cae00000, 0x00000000caec1368, 0x00000000caf00000| 75%| S|CS|TAMS 0x00000000cae00000, 0x00000000cae00000| Complete 
|  75|0x00000000caf00000, 0x00000000cb000000, 0x00000000cb000000|100%| S|CS|TAMS 0x00000000caf00000, 0x00000000caf00000| Complete 
|  76|0x00000000cb000000, 0x00000000cb000000, 0x00000000cb100000|  0%| F|  |TAMS 0x00000000cb000000, 0x00000000cb000000| Untracked 
|  77|0x00000000cb100000, 0x00000000cb100000, 0x00000000cb200000|  0%| F|  |TAMS 0x00000000cb100000, 0x00000000cb100000| Untracked 
|  78|0x00000000cb200000, 0x00000000cb200000, 0x00000000cb300000|  0%| F|  |TAMS 0x00000000cb200000, 0x00000000cb200000| Untracked 
|  79|0x00000000cb300000, 0x00000000cb300000, 0x00000000cb400000|  0%| F|  |TAMS 0x00000000cb300000, 0x00000000cb300000| Untracked 
|  80|0x00000000cb400000, 0x00000000cb400000, 0x00000000cb500000|  0%| F|  |TAMS 0x00000000cb400000, 0x00000000cb400000| Untracked 
|  81|0x00000000cb500000, 0x00000000cb500000, 0x00000000cb600000|  0%| F|  |TAMS 0x00000000cb500000, 0x00000000cb500000| Untracked 
|  82|0x00000000cb600000, 0x00000000cb600000, 0x00000000cb700000|  0%| F|  |TAMS 0x00000000cb600000, 0x00000000cb600000| Untracked 
|  83|0x00000000cb700000, 0x00000000cb700000, 0x00000000cb800000|  0%| F|  |TAMS 0x00000000cb700000, 0x00000000cb700000| Untracked 
|  84|0x00000000cb800000, 0x00000000cb800000, 0x00000000cb900000|  0%| F|  |TAMS 0x00000000cb800000, 0x00000000cb800000| Untracked 
|  85|0x00000000cb900000, 0x00000000cba00000, 0x00000000cba00000|100%| O|  |TAMS 0x00000000cba00000, 0x00000000cb900000| Untracked 
|  86|0x00000000cba00000, 0x00000000cbb00000, 0x00000000cbb00000|100%| O|  |TAMS 0x00000000cbb00000, 0x00000000cba00000| Untracked 
|  87|0x00000000cbb00000, 0x00000000cbb9be00, 0x00000000cbc00000| 60%| O|  |TAMS 0x00000000cbb40200, 0x00000000cbb00000| Untracked 
|  88|0x00000000cbc00000, 0x00000000cbc00000, 0x00000000cbd00000|  0%| F|  |TAMS 0x00000000cbc00000, 0x00000000cbc00000| Untracked 
|  89|0x00000000cbd00000, 0x00000000cbd00000, 0x00000000cbe00000|  0%| F|  |TAMS 0x00000000cbd00000, 0x00000000cbd00000| Untracked 
|  90|0x00000000cbe00000, 0x00000000cbe00000, 0x00000000cbf00000|  0%| F|  |TAMS 0x00000000cbe00000, 0x00000000cbe00000| Untracked 
|  91|0x00000000cbf00000, 0x00000000cbf00000, 0x00000000cc000000|  0%| F|  |TAMS 0x00000000cbf00000, 0x00000000cbf00000| Untracked 
|  92|0x00000000cc000000, 0x00000000cc000000, 0x00000000cc100000|  0%| F|  |TAMS 0x00000000cc000000, 0x00000000cc000000| Untracked 
|  93|0x00000000cc100000, 0x00000000cc100000, 0x00000000cc200000|  0%| F|  |TAMS 0x00000000cc100000, 0x00000000cc100000| Untracked 
|  94|0x00000000cc200000, 0x00000000cc200000, 0x00000000cc300000|  0%| F|  |TAMS 0x00000000cc200000, 0x00000000cc200000| Untracked 
|  95|0x00000000cc300000, 0x00000000cc300000, 0x00000000cc400000|  0%| F|  |TAMS 0x00000000cc300000, 0x00000000cc300000| Untracked 
|  96|0x00000000cc400000, 0x00000000cc400000, 0x00000000cc500000|  0%| F|  |TAMS 0x00000000cc400000, 0x00000000cc400000| Untracked 
|  97|0x00000000cc500000, 0x00000000cc500000, 0x00000000cc600000|  0%| F|  |TAMS 0x00000000cc500000, 0x00000000cc500000| Untracked 
|  98|0x00000000cc600000, 0x00000000cc600000, 0x00000000cc700000|  0%| F|  |TAMS 0x00000000cc600000, 0x00000000cc600000| Untracked 
|  99|0x00000000cc700000, 0x00000000cc700000, 0x00000000cc800000|  0%| F|  |TAMS 0x00000000cc700000, 0x00000000cc700000| Untracked 
| 100|0x00000000cc800000, 0x00000000cc800000, 0x00000000cc900000|  0%| F|  |TAMS 0x00000000cc800000, 0x00000000cc800000| Untracked 
| 101|0x00000000cc900000, 0x00000000cc900000, 0x00000000cca00000|  0%| F|  |TAMS 0x00000000cc900000, 0x00000000cc900000| Untracked 
| 102|0x00000000cca00000, 0x00000000cca00000, 0x00000000ccb00000|  0%| F|  |TAMS 0x00000000cca00000, 0x00000000cca00000| Untracked 
| 103|0x00000000ccb00000, 0x00000000ccb00000, 0x00000000ccc00000|  0%| F|  |TAMS 0x00000000ccb00000, 0x00000000ccb00000| Untracked 
| 104|0x00000000ccc00000, 0x00000000ccc00000, 0x00000000ccd00000|  0%| F|  |TAMS 0x00000000ccc00000, 0x00000000ccc00000| Untracked 
| 105|0x00000000ccd00000, 0x00000000ccd00000, 0x00000000cce00000|  0%| F|  |TAMS 0x00000000ccd00000, 0x00000000ccd00000| Untracked 
| 106|0x00000000cce00000, 0x00000000cce00000, 0x00000000ccf00000|  0%| F|  |TAMS 0x00000000cce00000, 0x00000000cce00000| Untracked 
| 107|0x00000000ccf00000, 0x00000000ccf00000, 0x00000000cd000000|  0%| F|  |TAMS 0x00000000ccf00000, 0x00000000ccf00000| Untracked 
| 108|0x00000000cd000000, 0x00000000cd000000, 0x00000000cd100000|  0%| F|  |TAMS 0x00000000cd000000, 0x00000000cd000000| Untracked 
| 109|0x00000000cd100000, 0x00000000cd100000, 0x00000000cd200000|  0%| F|  |TAMS 0x00000000cd100000, 0x00000000cd100000| Untracked 
| 110|0x00000000cd200000, 0x00000000cd200000, 0x00000000cd300000|  0%| F|  |TAMS 0x00000000cd200000, 0x00000000cd200000| Untracked 
| 111|0x00000000cd300000, 0x00000000cd300000, 0x00000000cd400000|  0%| F|  |TAMS 0x00000000cd300000, 0x00000000cd300000| Untracked 
| 112|0x00000000cd400000, 0x00000000cd400000, 0x00000000cd500000|  0%| F|  |TAMS 0x00000000cd400000, 0x00000000cd400000| Untracked 
| 113|0x00000000cd500000, 0x00000000cd500000, 0x00000000cd600000|  0%| F|  |TAMS 0x00000000cd500000, 0x00000000cd500000| Untracked 
| 114|0x00000000cd600000, 0x00000000cd600000, 0x00000000cd700000|  0%| F|  |TAMS 0x00000000cd600000, 0x00000000cd600000| Untracked 
| 115|0x00000000cd700000, 0x00000000cd700000, 0x00000000cd800000|  0%| F|  |TAMS 0x00000000cd700000, 0x00000000cd700000| Untracked 
| 116|0x00000000cd800000, 0x00000000cd800000, 0x00000000cd900000|  0%| F|  |TAMS 0x00000000cd800000, 0x00000000cd800000| Untracked 
| 117|0x00000000cd900000, 0x00000000cd900000, 0x00000000cda00000|  0%| F|  |TAMS 0x00000000cd900000, 0x00000000cd900000| Untracked 
| 118|0x00000000cda00000, 0x00000000cda00000, 0x00000000cdb00000|  0%| F|  |TAMS 0x00000000cda00000, 0x00000000cda00000| Untracked 
| 119|0x00000000cdb00000, 0x00000000cdb00000, 0x00000000cdc00000|  0%| F|  |TAMS 0x00000000cdb00000, 0x00000000cdb00000| Untracked 
| 120|0x00000000cdc00000, 0x00000000cdc00000, 0x00000000cdd00000|  0%| F|  |TAMS 0x00000000cdc00000, 0x00000000cdc00000| Untracked 
| 121|0x00000000cdd00000, 0x00000000cdd00000, 0x00000000cde00000|  0%| F|  |TAMS 0x00000000cdd00000, 0x00000000cdd00000| Untracked 
| 122|0x00000000cde00000, 0x00000000cde00000, 0x00000000cdf00000|  0%| F|  |TAMS 0x00000000cde00000, 0x00000000cde00000| Untracked 
| 123|0x00000000cdf00000, 0x00000000cdf00000, 0x00000000ce000000|  0%| F|  |TAMS 0x00000000cdf00000, 0x00000000cdf00000| Untracked 
| 124|0x00000000ce000000, 0x00000000ce000000, 0x00000000ce100000|  0%| F|  |TAMS 0x00000000ce000000, 0x00000000ce000000| Untracked 
| 125|0x00000000ce100000, 0x00000000ce100000, 0x00000000ce200000|  0%| F|  |TAMS 0x00000000ce100000, 0x00000000ce100000| Untracked 
| 126|0x00000000ce200000, 0x00000000ce200000, 0x00000000ce300000|  0%| F|  |TAMS 0x00000000ce200000, 0x00000000ce200000| Untracked 
| 127|0x00000000ce300000, 0x00000000ce300000, 0x00000000ce400000|  0%| F|  |TAMS 0x00000000ce300000, 0x00000000ce300000| Untracked 
| 128|0x00000000ce400000, 0x00000000ce400000, 0x00000000ce500000|  0%| F|  |TAMS 0x00000000ce400000, 0x00000000ce400000| Untracked 
| 129|0x00000000ce500000, 0x00000000ce500000, 0x00000000ce600000|  0%| F|  |TAMS 0x00000000ce500000, 0x00000000ce500000| Untracked 
| 130|0x00000000ce600000, 0x00000000ce600000, 0x00000000ce700000|  0%| F|  |TAMS 0x00000000ce600000, 0x00000000ce600000| Untracked 
| 131|0x00000000ce700000, 0x00000000ce700000, 0x00000000ce800000|  0%| F|  |TAMS 0x00000000ce700000, 0x00000000ce700000| Untracked 
| 132|0x00000000ce800000, 0x00000000ce800000, 0x00000000ce900000|  0%| F|  |TAMS 0x00000000ce800000, 0x00000000ce800000| Untracked 
| 133|0x00000000ce900000, 0x00000000ce900000, 0x00000000cea00000|  0%| F|  |TAMS 0x00000000ce900000, 0x00000000ce900000| Untracked 
| 134|0x00000000cea00000, 0x00000000cea00000, 0x00000000ceb00000|  0%| F|  |TAMS 0x00000000cea00000, 0x00000000cea00000| Untracked 
| 135|0x00000000ceb00000, 0x00000000ceb00000, 0x00000000cec00000|  0%| F|  |TAMS 0x00000000ceb00000, 0x00000000ceb00000| Untracked 
| 136|0x00000000cec00000, 0x00000000cec00000, 0x00000000ced00000|  0%| F|  |TAMS 0x00000000cec00000, 0x00000000cec00000| Untracked 
| 137|0x00000000ced00000, 0x00000000ced00000, 0x00000000cee00000|  0%| F|  |TAMS 0x00000000ced00000, 0x00000000ced00000| Untracked 
| 138|0x00000000cee00000, 0x00000000cee00000, 0x00000000cef00000|  0%| F|  |TAMS 0x00000000cee00000, 0x00000000cee00000| Untracked 
| 139|0x00000000cef00000, 0x00000000cef00000, 0x00000000cf000000|  0%| F|  |TAMS 0x00000000cef00000, 0x00000000cef00000| Untracked 
| 140|0x00000000cf000000, 0x00000000cf000000, 0x00000000cf100000|  0%| F|  |TAMS 0x00000000cf000000, 0x00000000cf000000| Untracked 
| 141|0x00000000cf100000, 0x00000000cf100000, 0x00000000cf200000|  0%| F|  |TAMS 0x00000000cf100000, 0x00000000cf100000| Untracked 
| 142|0x00000000cf200000, 0x00000000cf300000, 0x00000000cf300000|100%|HS|  |TAMS 0x00000000cf200000, 0x00000000cf200000| Complete 
| 143|0x00000000cf300000, 0x00000000cf400000, 0x00000000cf400000|100%|HC|  |TAMS 0x00000000cf300000, 0x00000000cf300000| Complete 
| 144|0x00000000cf400000, 0x00000000cf400000, 0x00000000cf500000|  0%| F|  |TAMS 0x00000000cf400000, 0x00000000cf400000| Untracked 
| 145|0x00000000cf500000, 0x00000000cf500000, 0x00000000cf600000|  0%| F|  |TAMS 0x00000000cf500000, 0x00000000cf500000| Untracked 
| 146|0x00000000cf600000, 0x00000000cf700000, 0x00000000cf700000|100%|HS|  |TAMS 0x00000000cf600000, 0x00000000cf600000| Complete 
| 147|0x00000000cf700000, 0x00000000cf700000, 0x00000000cf800000|  0%| F|  |TAMS 0x00000000cf700000, 0x00000000cf700000| Untracked 
| 148|0x00000000cf800000, 0x00000000cf800000, 0x00000000cf900000|  0%| F|  |TAMS 0x00000000cf800000, 0x00000000cf800000| Untracked 
| 149|0x00000000cf900000, 0x00000000cf900000, 0x00000000cfa00000|  0%| F|  |TAMS 0x00000000cf900000, 0x00000000cf900000| Untracked 
| 150|0x00000000cfa00000, 0x00000000cfa00000, 0x00000000cfb00000|  0%| F|  |TAMS 0x00000000cfa00000, 0x00000000cfa00000| Untracked 
| 151|0x00000000cfb00000, 0x00000000cfb00000, 0x00000000cfc00000|  0%| F|  |TAMS 0x00000000cfb00000, 0x00000000cfb00000| Untracked 
| 152|0x00000000cfc00000, 0x00000000cfc00000, 0x00000000cfd00000|  0%| F|  |TAMS 0x00000000cfc00000, 0x00000000cfc00000| Untracked 
| 153|0x00000000cfd00000, 0x00000000cfd00000, 0x00000000cfe00000|  0%| F|  |TAMS 0x00000000cfd00000, 0x00000000cfd00000| Untracked 
| 154|0x00000000cfe00000, 0x00000000cfe00000, 0x00000000cff00000|  0%| F|  |TAMS 0x00000000cfe00000, 0x00000000cfe00000| Untracked 
| 155|0x00000000cff00000, 0x00000000cff00000, 0x00000000d0000000|  0%| F|  |TAMS 0x00000000cff00000, 0x00000000cff00000| Untracked 
| 156|0x00000000d0000000, 0x00000000d0000000, 0x00000000d0100000|  0%| F|  |TAMS 0x00000000d0000000, 0x00000000d0000000| Untracked 
| 157|0x00000000d0100000, 0x00000000d0100000, 0x00000000d0200000|  0%| F|  |TAMS 0x00000000d0100000, 0x00000000d0100000| Untracked 
| 158|0x00000000d0200000, 0x00000000d0200000, 0x00000000d0300000|  0%| F|  |TAMS 0x00000000d0200000, 0x00000000d0200000| Untracked 
| 159|0x00000000d0300000, 0x00000000d0300000, 0x00000000d0400000|  0%| F|  |TAMS 0x00000000d0300000, 0x00000000d0300000| Untracked 
| 160|0x00000000d0400000, 0x00000000d0400000, 0x00000000d0500000|  0%| F|  |TAMS 0x00000000d0400000, 0x00000000d0400000| Untracked 
| 161|0x00000000d0500000, 0x00000000d0500000, 0x00000000d0600000|  0%| F|  |TAMS 0x00000000d0500000, 0x00000000d0500000| Untracked 
| 162|0x00000000d0600000, 0x00000000d0600000, 0x00000000d0700000|  0%| F|  |TAMS 0x00000000d0600000, 0x00000000d0600000| Untracked 
| 163|0x00000000d0700000, 0x00000000d0700000, 0x00000000d0800000|  0%| F|  |TAMS 0x00000000d0700000, 0x00000000d0700000| Untracked 
| 164|0x00000000d0800000, 0x00000000d0800000, 0x00000000d0900000|  0%| F|  |TAMS 0x00000000d0800000, 0x00000000d0800000| Untracked 
| 165|0x00000000d0900000, 0x00000000d0900000, 0x00000000d0a00000|  0%| F|  |TAMS 0x00000000d0900000, 0x00000000d0900000| Untracked 
| 166|0x00000000d0a00000, 0x00000000d0a00000, 0x00000000d0b00000|  0%| F|  |TAMS 0x00000000d0a00000, 0x00000000d0a00000| Untracked 
| 167|0x00000000d0b00000, 0x00000000d0b00000, 0x00000000d0c00000|  0%| F|  |TAMS 0x00000000d0b00000, 0x00000000d0b00000| Untracked 
| 168|0x00000000d0c00000, 0x00000000d0c00000, 0x00000000d0d00000|  0%| F|  |TAMS 0x00000000d0c00000, 0x00000000d0c00000| Untracked 
| 169|0x00000000d0d00000, 0x00000000d0d00000, 0x00000000d0e00000|  0%| F|  |TAMS 0x00000000d0d00000, 0x00000000d0d00000| Untracked 
| 170|0x00000000d0e00000, 0x00000000d0e00000, 0x00000000d0f00000|  0%| F|  |TAMS 0x00000000d0e00000, 0x00000000d0e00000| Untracked 
| 171|0x00000000d0f00000, 0x00000000d0f00000, 0x00000000d1000000|  0%| F|  |TAMS 0x00000000d0f00000, 0x00000000d0f00000| Untracked 
| 172|0x00000000d1000000, 0x00000000d1000000, 0x00000000d1100000|  0%| F|  |TAMS 0x00000000d1000000, 0x00000000d1000000| Untracked 
| 173|0x00000000d1100000, 0x00000000d1100000, 0x00000000d1200000|  0%| F|  |TAMS 0x00000000d1100000, 0x00000000d1100000| Untracked 
| 174|0x00000000d1200000, 0x00000000d1200000, 0x00000000d1300000|  0%| F|  |TAMS 0x00000000d1200000, 0x00000000d1200000| Untracked 
| 175|0x00000000d1300000, 0x00000000d1300000, 0x00000000d1400000|  0%| F|  |TAMS 0x00000000d1300000, 0x00000000d1300000| Untracked 
| 176|0x00000000d1400000, 0x00000000d1400000, 0x00000000d1500000|  0%| F|  |TAMS 0x00000000d1400000, 0x00000000d1400000| Untracked 
| 177|0x00000000d1500000, 0x00000000d1500000, 0x00000000d1600000|  0%| F|  |TAMS 0x00000000d1500000, 0x00000000d1500000| Untracked 
| 178|0x00000000d1600000, 0x00000000d1600000, 0x00000000d1700000|  0%| F|  |TAMS 0x00000000d1600000, 0x00000000d1600000| Untracked 
| 179|0x00000000d1700000, 0x00000000d1700000, 0x00000000d1800000|  0%| F|  |TAMS 0x00000000d1700000, 0x00000000d1700000| Untracked 
| 180|0x00000000d1800000, 0x00000000d1800000, 0x00000000d1900000|  0%| F|  |TAMS 0x00000000d1800000, 0x00000000d1800000| Untracked 
| 181|0x00000000d1900000, 0x00000000d1900000, 0x00000000d1a00000|  0%| F|  |TAMS 0x00000000d1900000, 0x00000000d1900000| Untracked 
| 182|0x00000000d1a00000, 0x00000000d1a00000, 0x00000000d1b00000|  0%| F|  |TAMS 0x00000000d1a00000, 0x00000000d1a00000| Untracked 
| 183|0x00000000d1b00000, 0x00000000d1b00000, 0x00000000d1c00000|  0%| F|  |TAMS 0x00000000d1b00000, 0x00000000d1b00000| Untracked 
| 184|0x00000000d1c00000, 0x00000000d1c00000, 0x00000000d1d00000|  0%| F|  |TAMS 0x00000000d1c00000, 0x00000000d1c00000| Untracked 
| 185|0x00000000d1d00000, 0x00000000d1d00000, 0x00000000d1e00000|  0%| F|  |TAMS 0x00000000d1d00000, 0x00000000d1d00000| Untracked 
| 186|0x00000000d1e00000, 0x00000000d1e00000, 0x00000000d1f00000|  0%| F|  |TAMS 0x00000000d1e00000, 0x00000000d1e00000| Untracked 
| 187|0x00000000d1f00000, 0x00000000d1f00000, 0x00000000d2000000|  0%| F|  |TAMS 0x00000000d1f00000, 0x00000000d1f00000| Untracked 
| 188|0x00000000d2000000, 0x00000000d2000000, 0x00000000d2100000|  0%| F|  |TAMS 0x00000000d2000000, 0x00000000d2000000| Untracked 
| 189|0x00000000d2100000, 0x00000000d2100000, 0x00000000d2200000|  0%| F|  |TAMS 0x00000000d2100000, 0x00000000d2100000| Untracked 
| 190|0x00000000d2200000, 0x00000000d2200000, 0x00000000d2300000|  0%| F|  |TAMS 0x00000000d2200000, 0x00000000d2200000| Untracked 
| 191|0x00000000d2300000, 0x00000000d2400000, 0x00000000d2400000|100%|HS|  |TAMS 0x00000000d2400000, 0x00000000d2300000| Complete 
| 192|0x00000000d2400000, 0x00000000d2500000, 0x00000000d2500000|100%|HC|  |TAMS 0x00000000d2500000, 0x00000000d2400000| Complete 
| 193|0x00000000d2500000, 0x00000000d2600000, 0x00000000d2600000|100%|HC|  |TAMS 0x00000000d2600000, 0x00000000d2500000| Complete 
| 194|0x00000000d2600000, 0x00000000d2700000, 0x00000000d2700000|100%|HC|  |TAMS 0x00000000d2700000, 0x00000000d2600000| Complete 
| 195|0x00000000d2700000, 0x00000000d2800000, 0x00000000d2800000|100%|HC|  |TAMS 0x00000000d2800000, 0x00000000d2700000| Complete 
| 196|0x00000000d2800000, 0x00000000d2900000, 0x00000000d2900000|100%|HC|  |TAMS 0x00000000d2900000, 0x00000000d2800000| Complete 
| 197|0x00000000d2900000, 0x00000000d2a00000, 0x00000000d2a00000|100%|HC|  |TAMS 0x00000000d2a00000, 0x00000000d2900000| Complete 
| 198|0x00000000d2a00000, 0x00000000d2b00000, 0x00000000d2b00000|100%|HC|  |TAMS 0x00000000d2b00000, 0x00000000d2a00000| Complete 
| 199|0x00000000d2b00000, 0x00000000d2c00000, 0x00000000d2c00000|100%|HC|  |TAMS 0x00000000d2c00000, 0x00000000d2b00000| Complete 
| 200|0x00000000d2c00000, 0x00000000d2d00000, 0x00000000d2d00000|100%|HC|  |TAMS 0x00000000d2d00000, 0x00000000d2c00000| Complete 
| 201|0x00000000d2d00000, 0x00000000d2e00000, 0x00000000d2e00000|100%|HC|  |TAMS 0x00000000d2e00000, 0x00000000d2d00000| Complete 
| 202|0x00000000d2e00000, 0x00000000d2f00000, 0x00000000d2f00000|100%|HC|  |TAMS 0x00000000d2f00000, 0x00000000d2e00000| Complete 
| 203|0x00000000d2f00000, 0x00000000d3000000, 0x00000000d3000000|100%|HC|  |TAMS 0x00000000d3000000, 0x00000000d2f00000| Complete 
| 204|0x00000000d3000000, 0x00000000d3100000, 0x00000000d3100000|100%|HC|  |TAMS 0x00000000d3100000, 0x00000000d3000000| Complete 
| 205|0x00000000d3100000, 0x00000000d3200000, 0x00000000d3200000|100%|HC|  |TAMS 0x00000000d3200000, 0x00000000d3100000| Complete 
| 206|0x00000000d3200000, 0x00000000d3300000, 0x00000000d3300000|100%| O|  |TAMS 0x00000000d3300000, 0x00000000d3200000| Untracked 
| 207|0x00000000d3300000, 0x00000000d3300000, 0x00000000d3400000|  0%| F|  |TAMS 0x00000000d3300000, 0x00000000d3300000| Untracked 
| 208|0x00000000d3400000, 0x00000000d3500000, 0x00000000d3500000|100%| O|  |TAMS 0x00000000d3500000, 0x00000000d3400000| Untracked 
| 209|0x00000000d3500000, 0x00000000d3500000, 0x00000000d3600000|  0%| F|  |TAMS 0x00000000d3500000, 0x00000000d3500000| Untracked 
| 210|0x00000000d3600000, 0x00000000d3600000, 0x00000000d3700000|  0%| F|  |TAMS 0x00000000d3600000, 0x00000000d3600000| Untracked 
| 211|0x00000000d3700000, 0x00000000d3700000, 0x00000000d3800000|  0%| F|  |TAMS 0x00000000d3700000, 0x00000000d3700000| Untracked 
| 212|0x00000000d3800000, 0x00000000d3800000, 0x00000000d3900000|  0%| F|  |TAMS 0x00000000d3800000, 0x00000000d3800000| Untracked 
| 213|0x00000000d3900000, 0x00000000d3900000, 0x00000000d3a00000|  0%| F|  |TAMS 0x00000000d3900000, 0x00000000d3900000| Untracked 
| 214|0x00000000d3a00000, 0x00000000d3a00000, 0x00000000d3b00000|  0%| F|  |TAMS 0x00000000d3a00000, 0x00000000d3a00000| Untracked 
| 215|0x00000000d3b00000, 0x00000000d3c00000, 0x00000000d3c00000|100%| O|  |TAMS 0x00000000d3c00000, 0x00000000d3b00000| Untracked 
| 216|0x00000000d3c00000, 0x00000000d3c00000, 0x00000000d3d00000|  0%| F|  |TAMS 0x00000000d3c00000, 0x00000000d3c00000| Untracked 
| 217|0x00000000d3d00000, 0x00000000d3d00000, 0x00000000d3e00000|  0%| F|  |TAMS 0x00000000d3d00000, 0x00000000d3d00000| Untracked 
| 218|0x00000000d3e00000, 0x00000000d3e00000, 0x00000000d3f00000|  0%| F|  |TAMS 0x00000000d3e00000, 0x00000000d3e00000| Untracked 
| 219|0x00000000d3f00000, 0x00000000d3f00000, 0x00000000d4000000|  0%| F|  |TAMS 0x00000000d3f00000, 0x00000000d3f00000| Untracked 
| 220|0x00000000d4000000, 0x00000000d4000000, 0x00000000d4100000|  0%| F|  |TAMS 0x00000000d4000000, 0x00000000d4000000| Untracked 
| 221|0x00000000d4100000, 0x00000000d4100000, 0x00000000d4200000|  0%| F|  |TAMS 0x00000000d4100000, 0x00000000d4100000| Untracked 
| 222|0x00000000d4200000, 0x00000000d4200000, 0x00000000d4300000|  0%| F|  |TAMS 0x00000000d4200000, 0x00000000d4200000| Untracked 
| 223|0x00000000d4300000, 0x00000000d4300000, 0x00000000d4400000|  0%| F|  |TAMS 0x00000000d4300000, 0x00000000d4300000| Untracked 
| 224|0x00000000d4400000, 0x00000000d4400000, 0x00000000d4500000|  0%| F|  |TAMS 0x00000000d4400000, 0x00000000d4400000| Untracked 
| 225|0x00000000d4500000, 0x00000000d4500000, 0x00000000d4600000|  0%| F|  |TAMS 0x00000000d4500000, 0x00000000d4500000| Untracked 
| 226|0x00000000d4600000, 0x00000000d4600000, 0x00000000d4700000|  0%| F|  |TAMS 0x00000000d4600000, 0x00000000d4600000| Untracked 
| 227|0x00000000d4700000, 0x00000000d4700000, 0x00000000d4800000|  0%| F|  |TAMS 0x00000000d4700000, 0x00000000d4700000| Untracked 
| 228|0x00000000d4800000, 0x00000000d4800000, 0x00000000d4900000|  0%| F|  |TAMS 0x00000000d4800000, 0x00000000d4800000| Untracked 
| 229|0x00000000d4900000, 0x00000000d4900000, 0x00000000d4a00000|  0%| F|  |TAMS 0x00000000d4900000, 0x00000000d4900000| Untracked 
| 230|0x00000000d4a00000, 0x00000000d4b00000, 0x00000000d4b00000|100%| O|  |TAMS 0x00000000d4b00000, 0x00000000d4a00000| Untracked 
| 231|0x00000000d4b00000, 0x00000000d4c00000, 0x00000000d4c00000|100%| O|  |TAMS 0x00000000d4c00000, 0x00000000d4b00000| Untracked 
| 232|0x00000000d4c00000, 0x00000000d4d00000, 0x00000000d4d00000|100%| O|  |TAMS 0x00000000d4d00000, 0x00000000d4c00000| Untracked 
| 233|0x00000000d4d00000, 0x00000000d4e00000, 0x00000000d4e00000|100%| O|  |TAMS 0x00000000d4e00000, 0x00000000d4d00000| Untracked 
| 234|0x00000000d4e00000, 0x00000000d4f00000, 0x00000000d4f00000|100%| O|  |TAMS 0x00000000d4f00000, 0x00000000d4e00000| Untracked 
| 235|0x00000000d4f00000, 0x00000000d5000000, 0x00000000d5000000|100%| O|  |TAMS 0x00000000d5000000, 0x00000000d4f00000| Untracked 
| 236|0x00000000d5000000, 0x00000000d5000000, 0x00000000d5100000|  0%| F|  |TAMS 0x00000000d5000000, 0x00000000d5000000| Untracked 
| 237|0x00000000d5100000, 0x00000000d5100000, 0x00000000d5200000|  0%| F|  |TAMS 0x00000000d5100000, 0x00000000d5100000| Untracked 
| 238|0x00000000d5200000, 0x00000000d5200000, 0x00000000d5300000|  0%| F|  |TAMS 0x00000000d5200000, 0x00000000d5200000| Untracked 
| 239|0x00000000d5300000, 0x00000000d5300000, 0x00000000d5400000|  0%| F|  |TAMS 0x00000000d5300000, 0x00000000d5300000| Untracked 
| 240|0x00000000d5400000, 0x00000000d5400000, 0x00000000d5500000|  0%| F|  |TAMS 0x00000000d5400000, 0x00000000d5400000| Untracked 
| 241|0x00000000d5500000, 0x00000000d5500000, 0x00000000d5600000|  0%| F|  |TAMS 0x00000000d5500000, 0x00000000d5500000| Untracked 
| 242|0x00000000d5600000, 0x00000000d5600000, 0x00000000d5700000|  0%| F|  |TAMS 0x00000000d5600000, 0x00000000d5600000| Untracked 
| 243|0x00000000d5700000, 0x00000000d5700000, 0x00000000d5800000|  0%| F|  |TAMS 0x00000000d5700000, 0x00000000d5700000| Untracked 
| 244|0x00000000d5800000, 0x00000000d5800000, 0x00000000d5900000|  0%| F|  |TAMS 0x00000000d5800000, 0x00000000d5800000| Untracked 
| 245|0x00000000d5900000, 0x00000000d5900000, 0x00000000d5a00000|  0%| F|  |TAMS 0x00000000d5900000, 0x00000000d5900000| Untracked 
| 246|0x00000000d5a00000, 0x00000000d5a00000, 0x00000000d5b00000|  0%| F|  |TAMS 0x00000000d5a00000, 0x00000000d5a00000| Untracked 
| 247|0x00000000d5b00000, 0x00000000d5b00000, 0x00000000d5c00000|  0%| F|  |TAMS 0x00000000d5b00000, 0x00000000d5b00000| Untracked 
| 248|0x00000000d5c00000, 0x00000000d5c00000, 0x00000000d5d00000|  0%| F|  |TAMS 0x00000000d5c00000, 0x00000000d5c00000| Untracked 
| 249|0x00000000d5d00000, 0x00000000d5d00000, 0x00000000d5e00000|  0%| F|  |TAMS 0x00000000d5d00000, 0x00000000d5d00000| Untracked 
| 250|0x00000000d5e00000, 0x00000000d5e00000, 0x00000000d5f00000|  0%| F|  |TAMS 0x00000000d5e00000, 0x00000000d5e00000| Untracked 
| 251|0x00000000d5f00000, 0x00000000d5f00000, 0x00000000d6000000|  0%| F|  |TAMS 0x00000000d5f00000, 0x00000000d5f00000| Untracked 
| 252|0x00000000d6000000, 0x00000000d6000000, 0x00000000d6100000|  0%| F|  |TAMS 0x00000000d6000000, 0x00000000d6000000| Untracked 
| 253|0x00000000d6100000, 0x00000000d6100000, 0x00000000d6200000|  0%| F|  |TAMS 0x00000000d6100000, 0x00000000d6100000| Untracked 
| 254|0x00000000d6200000, 0x00000000d6200000, 0x00000000d6300000|  0%| F|  |TAMS 0x00000000d6200000, 0x00000000d6200000| Untracked 
| 255|0x00000000d6300000, 0x00000000d6300000, 0x00000000d6400000|  0%| F|  |TAMS 0x00000000d6300000, 0x00000000d6300000| Untracked 
| 256|0x00000000d6400000, 0x00000000d6400000, 0x00000000d6500000|  0%| F|  |TAMS 0x00000000d6400000, 0x00000000d6400000| Untracked 
| 257|0x00000000d6500000, 0x00000000d6500000, 0x00000000d6600000|  0%| F|  |TAMS 0x00000000d6500000, 0x00000000d6500000| Untracked 
| 258|0x00000000d6600000, 0x00000000d6600000, 0x00000000d6700000|  0%| F|  |TAMS 0x00000000d6600000, 0x00000000d6600000| Untracked 
| 259|0x00000000d6700000, 0x00000000d6700000, 0x00000000d6800000|  0%| F|  |TAMS 0x00000000d6700000, 0x00000000d6700000| Untracked 
| 260|0x00000000d6800000, 0x00000000d6800000, 0x00000000d6900000|  0%| F|  |TAMS 0x00000000d6800000, 0x00000000d6800000| Untracked 
| 261|0x00000000d6900000, 0x00000000d6900000, 0x00000000d6a00000|  0%| F|  |TAMS 0x00000000d6900000, 0x00000000d6900000| Untracked 
| 262|0x00000000d6a00000, 0x00000000d6a00000, 0x00000000d6b00000|  0%| F|  |TAMS 0x00000000d6a00000, 0x00000000d6a00000| Untracked 
| 263|0x00000000d6b00000, 0x00000000d6b00000, 0x00000000d6c00000|  0%| F|  |TAMS 0x00000000d6b00000, 0x00000000d6b00000| Untracked 
| 264|0x00000000d6c00000, 0x00000000d6c00000, 0x00000000d6d00000|  0%| F|  |TAMS 0x00000000d6c00000, 0x00000000d6c00000| Untracked 
| 265|0x00000000d6d00000, 0x00000000d6d00000, 0x00000000d6e00000|  0%| F|  |TAMS 0x00000000d6d00000, 0x00000000d6d00000| Untracked 
| 922|0x00000000ffe00000, 0x00000000ffe47000, 0x00000000fff00000| 27%|OA|  |TAMS 0x00000000ffe47000, 0x00000000ffe00000| Untracked 
| 923|0x00000000fff00000, 0x00000000fff6b000, 0x0000000100000000| 41%|CA|  |TAMS 0x00000000fff6b000, 0x00000000fff00000| Untracked 

Card table byte_map: [0x00007f457fb63000,0x00007f457fd31000] _byte_map_base: 0x00007f457f531000

Marking Bits (Prev, Next): (CMBitMap*) 0x00007f459c0428b8, (CMBitMap*) 0x00007f459c0428f0
 Prev Bits: [0x00007f457eb25000, 0x00007f457f995000)
 Next Bits: [0x00007f457dcb5000, 0x00007f457eb25000)

Polling page: 0x00007f45a3540000

Metaspace:

Usage:
  Non-class:     20.16 MB capacity,    19.62 MB ( 97%) used,   448.46 KB (  2%) free+waste,   105.00 KB ( <1%) overhead. 
      Class:      2.79 MB capacity,     2.39 MB ( 85%) used,   364.38 KB ( 13%) free+waste,    53.62 KB (  2%) overhead. 
       Both:     22.95 MB capacity,    22.00 MB ( 96%) used,   812.84 KB (  3%) free+waste,   158.62 KB ( <1%) overhead. 

Virtual space:
  Non-class space:       22.00 MB reserved,      20.25 MB ( 92%) committed 
      Class space:        1.00 GB reserved,       2.88 MB ( <1%) committed 
             Both:        1.02 GB reserved,      23.12 MB (  2%) committed 

Chunk freelists:
   Non-Class:  84.00 KB
       Class:  18.00 KB
        Both:  102.00 KB

MaxMetaspaceSize: unlimited
CompressedClassSpaceSize: 1.00 GB
Initial GC threshold: 20.80 MB
Current GC threshold: 38.54 MB
CDS: on

CodeHeap 'non-profiled nmethods': size=120036Kb used=9594Kb max_used=9598Kb free=110441Kb
 bounds [0x00007f458beb2000, 0x00007f458c822000, 0x00007f45933eb000]
CodeHeap 'profiled nmethods': size=120032Kb used=16186Kb max_used=18049Kb free=103845Kb
 bounds [0x00007f458497a000, 0x00007f4585b2a000, 0x00007f458beb2000]
CodeHeap 'non-nmethods': size=5692Kb used=1275Kb max_used=1354Kb free=4416Kb
 bounds [0x00007f45843eb000, 0x00007f458465b000, 0x00007f458497a000]
 total_blobs=8279 nmethods=7712 adapters=480
 compilation: enabled
              stopped_count=0, restarted_count=0
 full_count=0

Compilation events (20 events):
Event: 806.952 Thread 0x00007f459c127000 8780 %     3       org.apache.lucene.util.compress.LZ4$HighCompressionHashTable::get @ 123 (189 bytes)
Event: 806.955 Thread 0x00007f459c125000 8782       4       org.apache.lucene.util.compress.LZ4::access$200 (5 bytes)
Event: 806.955 Thread 0x00007f459c125000 nmethod 8782 0x00007f458c0eb210 code [0x00007f458c0eb3a0, 0x00007f458c0eb3f8]
Event: 806.974 Thread 0x00007f459c127000 nmethod 8780% 0x00007f4584ca9110 code [0x00007f4584ca9340, 0x00007f4584ca9b20]
Event: 806.974 Thread 0x00007f459c127000 8784       3       org.apache.lucene.util.compress.LZ4$HighCompressionHashTable::previous (86 bytes)
Event: 806.974 Thread 0x00007f459c127000 nmethod 8784 0x00007f4584a35190 code [0x00007f4584a35380, 0x00007f4584a35790]
Event: 806.974 Thread 0x00007f459c127000 8781       3       org.apache.lucene.util.compress.LZ4::compressWithDictionary (391 bytes)
Event: 806.976 Thread 0x00007f459c127000 nmethod 8781 0x00007f4584dd4390 code [0x00007f4584dd4760, 0x00007f4584dd6220]
Event: 806.977 Thread 0x00007f459c127000 8783       3       org.apache.lucene.util.compress.LZ4$HighCompressionHashTable::addHash (60 bytes)
Event: 806.977 Thread 0x00007f459c127000 nmethod 8783 0x00007f4584a49a10 code [0x00007f4584a49c00, 0x00007f4584a49fc0]
Event: 807.092 Thread 0x00007f459c125000 8785       4       org.apache.lucene.util.compress.LZ4$HighCompressionHashTable::get (189 bytes)
Event: 807.102 Thread 0x00007f459c125000 nmethod 8785 0x00007f458c009a10 code [0x00007f458c009bc0, 0x00007f458c009ff8]
Event: 807.228 Thread 0x00007f459c125000 8786       4       org.apache.lucene.util.compress.LZ4$HighCompressionHashTable::initDictionary (59 bytes)
Event: 807.228 Thread 0x00007f459c125000 nmethod 8786 0x00007f458c02bb90 code [0x00007f458c02bd20, 0x00007f458c02bdb8]
Event: 807.263 Thread 0x00007f459c125000 8787       4       org.apache.lucene.util.compress.LZ4$HighCompressionHashTable::previous (86 bytes)
Event: 807.269 Thread 0x00007f459c125000 nmethod 8787 0x00007f458c009390 code [0x00007f458c009540, 0x00007f458c0097b8]
Event: 807.306 Thread 0x00007f459c125000 8788       4       org.apache.lucene.util.compress.LZ4::compressWithDictionary (391 bytes)
Event: 807.685 Thread 0x00007f459c125000 nmethod 8788 0x00007f458c814c10 code [0x00007f458c814f60, 0x00007f458c819700]
Event: 807.685 Thread 0x00007f459c125000 8789       4       org.apache.lucene.codecs.MultiLevelSkipListWriter::writeSkip (89 bytes)
Event: 807.713 Thread 0x00007f459c125000 nmethod 8789 0x00007f458bf7b890 code [0x00007f458bf7baa0, 0x00007f458bf7ccc8]

GC Heap History (20 events):
Event: 782.100 GC heap after
{Heap after GC invocations=120 (full 0):
 garbage-first heap   total 245760K, used 59880K [0x00000000c6400000, 0x0000000100000000)
  region size 1024K, 2 young (2048K), 2 survivors (2048K)
 Metaspace       used 22528K, capacity 23502K, committed 23680K, reserved 1071104K
  class space    used 2443K, capacity 2862K, committed 2944K, reserved 1048576K
}
Event: 782.446 GC heap before
{Heap before GC invocations=120 (full 0):
 garbage-first heap   total 245760K, used 162280K [0x00000000c6400000, 0x0000000100000000)
  region size 1024K, 102 young (104448K), 2 survivors (2048K)
 Metaspace       used 22528K, capacity 23502K, committed 23680K, reserved 1071104K
  class space    used 2443K, capacity 2862K, committed 2944K, reserved 1048576K
}
Event: 782.448 GC heap after
{Heap after GC invocations=121 (full 0):
 garbage-first heap   total 245760K, used 59904K [0x00000000c6400000, 0x0000000100000000)
  region size 1024K, 2 young (2048K), 2 survivors (2048K)
 Metaspace       used 22528K, capacity 23502K, committed 23680K, reserved 1071104K
  class space    used 2443K, capacity 2862K, committed 2944K, reserved 1048576K
}
Event: 783.165 GC heap before
{Heap before GC invocations=121 (full 0):
 garbage-first heap   total 245760K, used 174592K [0x00000000c6400000, 0x0000000100000000)
  region size 1024K, 114 young (116736K), 2 survivors (2048K)
 Metaspace       used 22528K, capacity 23502K, committed 23680K, reserved 1071104K
  class space    used 2443K, capacity 2862K, committed 2944K, reserved 1048576K
}
Event: 783.167 GC heap after
{Heap after GC invocations=122 (full 0):
 garbage-first heap   total 245760K, used 59890K [0x00000000c6400000, 0x0000000100000000)
  region size 1024K, 2 young (2048K), 2 survivors (2048K)
 Metaspace       used 22528K, capacity 23502K, committed 23680K, reserved 1071104K
  class space    used 2443K, capacity 2862K, committed 2944K, reserved 1048576K
}
Event: 783.860 GC heap before
{Heap before GC invocations=122 (full 0):
 garbage-first heap   total 245760K, used 183794K [0x00000000c6400000, 0x0000000100000000)
  region size 1024K, 123 young (125952K), 2 survivors (2048K)
 Metaspace       used 22528K, capacity 23502K, committed 23680K, reserved 1071104K
  class space    used 2443K, capacity 2862K, committed 2944K, reserved 1048576K
}
Event: 784.174 GC heap after
{Heap after GC invocations=123 (full 0):
 garbage-first heap   total 274432K, used 59918K [0x00000000c6400000, 0x0000000100000000)
  region size 1024K, 2 young (2048K), 2 survivors (2048K)
 Metaspace       used 22528K, capacity 23502K, committed 23680K, reserved 1071104K
  class space    used 2443K, capacity 2862K, committed 2944K, reserved 1048576K
}
Event: 785.200 GC heap before
{Heap before GC invocations=123 (full 0):
 garbage-first heap   total 274432K, used 208398K [0x00000000c6400000, 0x0000000100000000)
  region size 1024K, 147 young (150528K), 2 survivors (2048K)
 Metaspace       used 22528K, capacity 23502K, committed 23680K, reserved 1071104K
  class space    used 2443K, capacity 2862K, committed 2944K, reserved 1048576K
}
Event: 785.256 GC heap after
{Heap after GC invocations=124 (full 0):
 garbage-first heap   total 274432K, used 59959K [0x00000000c6400000, 0x0000000100000000)
  region size 1024K, 2 young (2048K), 2 survivors (2048K)
 Metaspace       used 22528K, capacity 23502K, committed 23680K, reserved 1071104K
  class space    used 2443K, capacity 2862K, committed 2944K, reserved 1048576K
}
Event: 787.621 GC heap before
{Heap before GC invocations=124 (full 0):
 garbage-first heap   total 274432K, used 216631K [0x00000000c6400000, 0x0000000100000000)
  region size 1024K, 155 young (158720K), 2 survivors (2048K)
 Metaspace       used 22529K, capacity 23502K, committed 23680K, reserved 1071104K
  class space    used 2443K, capacity 2862K, committed 2944K, reserved 1048576K
}
Event: 788.309 GC heap after
{Heap after GC invocations=125 (full 0):
 garbage-first heap   total 274432K, used 60136K [0x00000000c6400000, 0x0000000100000000)
  region size 1024K, 2 young (2048K), 2 survivors (2048K)
 Metaspace       used 22529K, capacity 23502K, committed 23680K, reserved 1071104K
  class space    used 2443K, capacity 2862K, committed 2944K, reserved 1048576K
}
Event: 798.071 GC heap before
{Heap before GC invocations=125 (full 0):
 garbage-first heap   total 274432K, used 220904K [0x00000000c6400000, 0x0000000100000000)
  region size 1024K, 160 young (163840K), 2 survivors (2048K)
 Metaspace       used 22530K, capacity 23502K, committed 23680K, reserved 1071104K
  class space    used 2443K, capacity 2862K, committed 2944K, reserved 1048576K
}
Event: 798.448 GC heap after
{Heap after GC invocations=126 (full 0):
 garbage-first heap   total 274432K, used 59995K [0x00000000c6400000, 0x0000000100000000)
  region size 1024K, 2 young (2048K), 2 survivors (2048K)
 Metaspace       used 22530K, capacity 23502K, committed 23680K, reserved 1071104K
  class space    used 2443K, capacity 2862K, committed 2944K, reserved 1048576K
}
Event: 802.853 GC heap before
{Heap before GC invocations=126 (full 0):
 garbage-first heap   total 274432K, used 221787K [0x00000000c6400000, 0x0000000100000000)
  region size 1024K, 160 young (163840K), 2 survivors (2048K)
 Metaspace       used 22530K, capacity 23502K, committed 23680K, reserved 1071104K
  class space    used 2443K, capacity 2862K, committed 2944K, reserved 1048576K
}
Event: 802.948 GC heap after
{Heap after GC invocations=127 (full 0):
 garbage-first heap   total 274432K, used 60186K [0x00000000c6400000, 0x0000000100000000)
  region size 1024K, 2 young (2048K), 2 survivors (2048K)
 Metaspace       used 22530K, capacity 23502K, committed 23680K, reserved 1071104K
  class space    used 2443K, capacity 2862K, committed 2944K, reserved 1048576K
}
Event: 805.499 GC heap before
{Heap before GC invocations=127 (full 0):
 garbage-first heap   total 274432K, used 221978K [0x00000000c6400000, 0x0000000100000000)
  region size 1024K, 160 young (163840K), 2 survivors (2048K)
 Metaspace       used 22530K, capacity 23502K, committed 23680K, reserved 1071104K
  class space    used 2443K, capacity 2862K, committed 2944K, reserved 1048576K
}
Event: 805.542 GC heap after
{Heap after GC invocations=128 (full 0):
 garbage-first heap   total 274432K, used 60208K [0x00000000c6400000, 0x0000000100000000)
  region size 1024K, 2 young (2048K), 2 survivors (2048K)
 Metaspace       used 22530K, capacity 23502K, committed 23680K, reserved 1071104K
  class space    used 2443K, capacity 2862K, committed 2944K, reserved 1048576K
}
Event: 806.527 GC heap before
{Heap before GC invocations=128 (full 0):
 garbage-first heap   total 274432K, used 222000K [0x00000000c6400000, 0x0000000100000000)
  region size 1024K, 160 young (163840K), 2 survivors (2048K)
 Metaspace       used 22530K, capacity 23502K, committed 23680K, reserved 1071104K
  class space    used 2443K, capacity 2862K, committed 2944K, reserved 1048576K
}
Event: 806.642 GC heap after
{Heap after GC invocations=129 (full 0):
 garbage-first heap   total 274432K, used 60243K [0x00000000c6400000, 0x0000000100000000)
  region size 1024K, 2 young (2048K), 2 survivors (2048K)
 Metaspace       used 22530K, capacity 23502K, committed 23680K, reserved 1071104K
  class space    used 2443K, capacity 2862K, committed 2944K, reserved 1048576K
}
Event: 808.564 GC heap before
{Heap before GC invocations=129 (full 0):
 garbage-first heap   total 274432K, used 222035K [0x00000000c6400000, 0x0000000100000000)
  region size 1024K, 160 young (163840K), 2 survivors (2048K)
 Metaspace       used 22530K, capacity 23502K, committed 23680K, reserved 1071104K
  class space    used 2443K, capacity 2862K, committed 2944K, reserved 1048576K
}

Deoptimization events (20 events):
Event: 807.306 Thread 0x00007f455c139800 DEOPT PACKING pc=0x00007f4584dd6008 sp=0x00007f45559b9fe0
Event: 807.306 Thread 0x00007f455c139800 DEOPT UNPACKING pc=0x00007f458443564a sp=0x00007f45559b9528 mode 0
Event: 807.653 Thread 0x00007f455c139800 DEOPT PACKING pc=0x00007f4584dd5fe7 sp=0x00007f45559b9fe0
Event: 807.653 Thread 0x00007f455c139800 DEOPT UNPACKING pc=0x00007f458443564a sp=0x00007f45559b9528 mode 0
Event: 807.655 Thread 0x0000562e47a75800 Uncommon trap: trap_request=0xffffff4d fr.pc=0x00007f458c3cc388 relative=0x00000000000004c8
Event: 807.655 Thread 0x0000562e47a75800 Uncommon trap: reason=unstable_if action=reinterpret pc=0x00007f458c3cc388 method=java.util.concurrent.SynchronousQueue$TransferStack.awaitFulfill(Ljava/util/concurrent/SynchronousQueue$TransferStack$SNode;ZJ)Ljava/util/concurrent/SynchronousQueue$Transfe
Event: 807.655 Thread 0x0000562e47a75800 DEOPT PACKING pc=0x00007f458c3cc388 sp=0x00007f45757e2580
Event: 807.655 Thread 0x0000562e47a75800 DEOPT UNPACKING pc=0x00007f4584434ea5 sp=0x00007f45757e2520 mode 2
Event: 807.655 Thread 0x0000562e47a75800 Uncommon trap: trap_request=0xffffff4d fr.pc=0x00007f458c74d630 relative=0x0000000000000330
Event: 807.655 Thread 0x0000562e47a75800 Uncommon trap: reason=unstable_if action=reinterpret pc=0x00007f458c74d630 method=java.util.concurrent.SynchronousQueue.poll(JLjava/util/concurrent/TimeUnit;)Ljava/lang/Object; @ 18 c2
Event: 807.655 Thread 0x0000562e47a75800 DEOPT PACKING pc=0x00007f458c74d630 sp=0x00007f45757e2890
Event: 807.656 Thread 0x0000562e47a75800 DEOPT UNPACKING pc=0x00007f4584434ea5 sp=0x00007f45757e27c8 mode 2
Event: 807.824 Thread 0x00007f4538053800 Uncommon trap: trap_request=0xffffff4d fr.pc=0x00007f458c3cc388 relative=0x00000000000004c8
Event: 807.824 Thread 0x00007f4538053800 Uncommon trap: reason=unstable_if action=reinterpret pc=0x00007f458c3cc388 method=java.util.concurrent.SynchronousQueue$TransferStack.awaitFulfill(Ljava/util/concurrent/SynchronousQueue$TransferStack$SNode;ZJ)Ljava/util/concurrent/SynchronousQueue$Transfe
Event: 807.824 Thread 0x00007f4538053800 DEOPT PACKING pc=0x00007f458c3cc388 sp=0x00007f45754df580
Event: 807.824 Thread 0x00007f4538053800 DEOPT UNPACKING pc=0x00007f4584434ea5 sp=0x00007f45754df520 mode 2
Event: 807.824 Thread 0x00007f4538053800 Uncommon trap: trap_request=0xffffff4d fr.pc=0x00007f458c74d630 relative=0x0000000000000330
Event: 807.824 Thread 0x00007f4538053800 Uncommon trap: reason=unstable_if action=reinterpret pc=0x00007f458c74d630 method=java.util.concurrent.SynchronousQueue.poll(JLjava/util/concurrent/TimeUnit;)Ljava/lang/Object; @ 18 c2
Event: 807.824 Thread 0x00007f4538053800 DEOPT PACKING pc=0x00007f458c74d630 sp=0x00007f45754df890
Event: 807.824 Thread 0x00007f4538053800 DEOPT UNPACKING pc=0x00007f4584434ea5 sp=0x00007f45754df7c8 mode 2

Classes redefined (0 events):
No events

Internal exceptions (20 events):
Event: 688.173 Thread 0x00007f455c01d800 Implicit null exception at 0x00007f458c446e29 to 0x00007f458c4477c4
Event: 690.673 Thread 0x00007f456812e800 Implicit null exception at 0x00007f458c439b2d to 0x00007f458c43a1bc
Event: 690.683 Thread 0x00007f456812e800 Implicit null exception at 0x00007f458c576c33 to 0x00007f458c576f9c
Event: 690.684 Thread 0x00007f456812e800 Implicit null exception at 0x00007f458c4efe07 to 0x00007f458c4f04b0
Event: 691.212 Thread 0x00007f456812e800 Implicit null exception at 0x00007f458c4534a7 to 0x00007f458c453d64
Event: 696.944 Thread 0x00007f455c01d800 Implicit null exception at 0x00007f458c561f07 to 0x00007f458c562558
Event: 697.028 Thread 0x00007f455c01d800 Implicit null exception at 0x00007f458c540ba7 to 0x00007f458c541490
Event: 707.494 Thread 0x00007f459c938000 Exception <a 'java/lang/reflect/InvocationTargetException'{0x00000000ceae9550}> (0x00000000ceae9550) thrown at [./src/hotspot/share/runtime/reflection.cpp, line 1247]
Event: 708.331 Thread 0x00007f456812e800 Implicit null exception at 0x00007f458c4587a7 to 0x00007f458c459094
Event: 715.604 Thread 0x00007f459c939000 Exception <a 'java/lang/reflect/InvocationTargetException'{0x00000000cc497af8}> (0x00000000cc497af8) thrown at [./src/hotspot/share/runtime/reflection.cpp, line 1247]
Event: 715.810 Thread 0x00007f459c939000 Implicit null exception at 0x00007f458c579b33 to 0x00007f458c579bf4
Event: 716.617 Thread 0x00007f45680d4000 Implicit null exception at 0x00007f458c454789 to 0x00007f458c454f28
Event: 717.049 Thread 0x00007f45680d4000 Implicit null exception at 0x00007f458c443c09 to 0x00007f458c444344
Event: 719.712 Thread 0x00007f459c939000 Exception <a 'java/lang/reflect/InvocationTargetException'{0x00000000cc8b75d0}> (0x00000000cc8b75d0) thrown at [./src/hotspot/share/runtime/reflection.cpp, line 1247]
Event: 723.526 Thread 0x00007f45680d4000 Implicit null exception at 0x00007f458c56b087 to 0x00007f458c56b770
Event: 732.919 Thread 0x00007f459c939000 Exception <a 'java/lang/reflect/InvocationTargetException'{0x00000000cbaf05b8}> (0x00000000cbaf05b8) thrown at [./src/hotspot/share/runtime/reflection.cpp, line 1247]
Event: 745.792 Thread 0x00007f459c939000 Exception <a 'java/lang/reflect/InvocationTargetException'{0x00000000ced95740}> (0x00000000ced95740) thrown at [./src/hotspot/share/runtime/reflection.cpp, line 1247]
Event: 748.669 Thread 0x00007f459c938000 Exception <a 'java/lang/reflect/InvocationTargetException'{0x00000000cd7af8e0}> (0x00000000cd7af8e0) thrown at [./src/hotspot/share/runtime/reflection.cpp, line 1247]
Event: 807.655 Thread 0x0000562e47a75800 Implicit null exception at 0x00007f458c74d3cf to 0x00007f458c74d61c
Event: 807.824 Thread 0x00007f4538053800 Implicit null exception at 0x00007f458c74d3cf to 0x00007f458c74d61c

Events (20 events):
Event: 783.165 Executing VM operation: G1CollectForAllocation
Event: 783.167 Executing VM operation: G1CollectForAllocation done
Event: 783.832 Executing VM operation: G1CollectForAllocation
Event: 784.174 Executing VM operation: G1CollectForAllocation done
Event: 785.200 Executing VM operation: G1CollectForAllocation
Event: 785.256 Executing VM operation: G1CollectForAllocation done
Event: 787.621 Executing VM operation: G1CollectForAllocation
Event: 788.309 Executing VM operation: G1CollectForAllocation done
Event: 797.612 Executing VM operation: G1CollectForAllocation
Event: 798.448 Executing VM operation: G1CollectForAllocation done
Event: 802.788 Executing VM operation: G1CollectForAllocation
Event: 802.948 Executing VM operation: G1CollectForAllocation done
Event: 805.451 Executing VM operation: G1CollectForAllocation
Event: 805.542 Executing VM operation: G1CollectForAllocation done
Event: 806.527 Executing VM operation: G1CollectForAllocation
Event: 806.642 Executing VM operation: G1CollectForAllocation done
Event: 807.656 Thread 0x0000562e47a75800 Thread exited: 0x0000562e47a75800
Event: 807.815 Thread 0x00007f45680bd800 Thread exited: 0x00007f45680bd800
Event: 807.825 Thread 0x00007f4538053800 Thread exited: 0x00007f4538053800
Event: 808.564 Executing VM operation: G1CollectForAllocation


Dynamic libraries:
c6400000-d6e00000 rw-p 00000000 00:00 0 
e1700000-ffe00000 ---p 00000000 00:00 0 
ffe00000-ffe47000 rw-p 00b03000 fd:01 660127                             /usr/lib/jvm/java-11-openjdk-11.0.17.0.8-2.el7_9.x86_64/lib/server/classes.jsa
ffe47000-fff00000 rw-p 00000000 00:00 0 
fff00000-fff6b000 rw-p 00a98000 fd:01 660127                             /usr/lib/jvm/java-11-openjdk-11.0.17.0.8-2.el7_9.x86_64/lib/server/classes.jsa
fff6b000-100000000 rw-p 00000000 00:00 0 
800000000-800002000 rwxp 00001000 fd:01 660127                           /usr/lib/jvm/java-11-openjdk-11.0.17.0.8-2.el7_9.x86_64/lib/server/classes.jsa
800002000-8003c9000 rw-p 00003000 fd:01 660127                           /usr/lib/jvm/java-11-openjdk-11.0.17.0.8-2.el7_9.x86_64/lib/server/classes.jsa
8003c9000-800a96000 r--p 003ca000 fd:01 660127                           /usr/lib/jvm/java-11-openjdk-11.0.17.0.8-2.el7_9.x86_64/lib/server/classes.jsa
800a96000-800a97000 rw-p 00a97000 fd:01 660127                           /usr/lib/jvm/java-11-openjdk-11.0.17.0.8-2.el7_9.x86_64/lib/server/classes.jsa
840000000-8402e0000 rw-p 00000000 00:00 0 
8402e0000-880000000 ---p 00000000 00:00 0 
562e4749f000-562e474a0000 r-xp 00000000 fd:01 659721                     /usr/lib/jvm/java-11-openjdk-11.0.17.0.8-2.el7_9.x86_64/bin/java
562e476a0000-562e476a1000 r--p 00001000 fd:01 659721                     /usr/lib/jvm/java-11-openjdk-11.0.17.0.8-2.el7_9.x86_64/bin/java
562e476a1000-562e476a2000 rw-p 00002000 fd:01 659721                     /usr/lib/jvm/java-11-openjdk-11.0.17.0.8-2.el7_9.x86_64/bin/java
562e47a54000-562e47afd000 rw-p 00000000 00:00 0                          [heap]
7f4512223000-7f4512227000 ---p 00000000 00:00 0 
7f4512227000-7f4512324000 rw-p 00000000 00:00 0 
7f45149b3000-7f4514bb3000 rw-p 00000000 00:00 0 
7f4515486000-7f451548a000 ---p 00000000 00:00 0 
7f451548a000-7f4515587000 rw-p 00000000 00:00 0 
7f452c38d000-7f45306a1000 r--s 00000000 fd:01 1054107                    /root/soft/opengrok-1.5.12/data/index/wireshark/_2s.fdt
7f45306a1000-7f4532f72000 r--s 00000000 fd:01 1055274                    /root/soft/opengrok-1.5.12/data/index/wireshark/_2s_Lucene84_0.tim
7f4532f72000-7f4538000000 r--s 00000000 fd:01 1054897                    /root/soft/opengrok-1.5.12/data/index/wireshark/_2s_Lucene84_0.pos
7f4538000000-7f45380d1000 rw-p 00000000 00:00 0 
7f45380d1000-7f453c000000 ---p 00000000 00:00 0 
7f453ce61000-7f4540000000 r--s 00000000 fd:01 1055070                    /root/soft/opengrok-1.5.12/data/index/wireshark/_2s_Lucene84_0.pay
7f4540000000-7f4540813000 rw-p 00000000 00:00 0 
7f4540813000-7f4544000000 ---p 00000000 00:00 0 
7f4544000000-7f4544021000 rw-p 00000000 00:00 0 
7f4544021000-7f4548000000 ---p 00000000 00:00 0 
7f4548000000-7f4548021000 rw-p 00000000 00:00 0 
7f4548021000-7f454c000000 ---p 00000000 00:00 0 
7f454c000000-7f454f5bd000 rw-p 00000000 00:00 0 
7f454f5bd000-7f4550000000 ---p 00000000 00:00 0 
7f4550000000-7f4550063000 rw-p 00000000 00:00 0 
7f4550063000-7f4554000000 ---p 00000000 00:00 0 
7f4554116000-7f455453d000 r--s 00000000 fd:01 1063718                    /root/soft/opengrok-1.5.12/data/index/wireshark/_2u.cfs
7f455453d000-7f4554a00000 r--s 00000000 fd:01 1064057                    /root/soft/opengrok-1.5.12/data/index/wireshark/_2t.cfs
7f4554a00000-7f4554ef5000 r--s 00000000 fd:01 1055296                    /root/soft/opengrok-1.5.12/data/index/wireshark/_2s.tvd
7f4554ef5000-7f455556f000 r--s 00000000 fd:01 1054852                    /root/soft/opengrok-1.5.12/data/index/wireshark/_2s_Lucene84_0.doc
7f455556f000-7f4555573000 ---p 00000000 00:00 0 
7f4555573000-7f4555870000 rw-p 00000000 00:00 0 
7f45558bb000-7f45558bf000 ---p 00000000 00:00 0 
7f45558bf000-7f45559bc000 rw-p 00000000 00:00 0 
7f45559bc000-7f45559c0000 ---p 00000000 00:00 0 
7f45559c0000-7f4555abd000 rw-p 00000000 00:00 0 
7f4555abd000-7f455c000000 r--p 00000000 fd:01 22415                      /usr/lib/locale/locale-archive
7f455c000000-7f455c1e3000 rw-p 00000000 00:00 0 
7f455c1e3000-7f4560000000 ---p 00000000 00:00 0 
7f4560000000-7f4560021000 rw-p 00000000 00:00 0 
7f4560021000-7f4564000000 ---p 00000000 00:00 0 
7f4564000000-7f4564021000 rw-p 00000000 00:00 0 
7f4564021000-7f4568000000 ---p 00000000 00:00 0 
7f4568000000-7f4568518000 rw-p 00000000 00:00 0 
7f4568518000-7f456c000000 ---p 00000000 00:00 0 
7f456c000000-7f456c021000 rw-p 00000000 00:00 0 
7f456c021000-7f4570000000 ---p 00000000 00:00 0 
7f4570000000-7f4570097000 rw-p 00000000 00:00 0 
7f4570097000-7f4574000000 ---p 00000000 00:00 0 
7f4574074000-7f4574274000 rw-p 00000000 00:00 0 
7f45745e4000-7f45746c3000 r--s 00000000 fd:01 1055275                    /root/soft/opengrok-1.5.12/data/index/wireshark/_2s_Lucene84_0.tip
7f45746c3000-7f4574703000 rw-p 00000000 00:00 0 
7f4574703000-7f45748c3000 ---p 00000000 00:00 0 
7f4574901000-7f4574905000 ---p 00000000 00:00 0 
7f4574905000-7f4574a02000 rw-p 00000000 00:00 0 
7f4574a97000-7f4574ab0000 r--s 00000000 fd:01 1054478                    /root/soft/opengrok-1.5.12/data/index/wireshark/_2v.nvd
7f4574ab0000-7f4574ad2000 r--s 00000000 fd:01 1054859                    /root/soft/opengrok-1.5.12/data/index/wireshark/_2s_Lucene80_0.dvd
7f4574ad2000-7f4574cd2000 rw-p 00000000 00:00 0 
7f4574cd2000-7f4574cd8000 r-xp 00000000 fd:01 660097                     /usr/lib/jvm/java-11-openjdk-11.0.17.0.8-2.el7_9.x86_64/lib/libmanagement_ext.so
7f4574cd8000-7f4574ed7000 ---p 00006000 fd:01 660097                     /usr/lib/jvm/java-11-openjdk-11.0.17.0.8-2.el7_9.x86_64/lib/libmanagement_ext.so
7f4574ed7000-7f4574ed8000 r--p 00005000 fd:01 660097                     /usr/lib/jvm/java-11-openjdk-11.0.17.0.8-2.el7_9.x86_64/lib/libmanagement_ext.so
7f4574ed8000-7f4574ed9000 rw-p 00000000 00:00 0 
7f4574ed9000-7f4574edd000 r-xp 00000000 fd:01 660095                     /usr/lib/jvm/java-11-openjdk-11.0.17.0.8-2.el7_9.x86_64/lib/libmanagement.so
7f4574edd000-7f45750dd000 ---p 00004000 fd:01 660095                     /usr/lib/jvm/java-11-openjdk-11.0.17.0.8-2.el7_9.x86_64/lib/libmanagement.so
7f45750dd000-7f45750de000 r--p 00004000 fd:01 660095                     /usr/lib/jvm/java-11-openjdk-11.0.17.0.8-2.el7_9.x86_64/lib/libmanagement.so
7f45750de000-7f45752df000 rw-p 00000000 00:00 0 
7f45752df000-7f45752e3000 ---p 00000000 00:00 0 
7f45752e3000-7f45753e0000 rw-p 00000000 00:00 0 
7f45753e0000-7f45753e4000 ---p 00000000 00:00 0 
7f45753e4000-7f45754e1000 rw-p 00000000 00:00 0 
7f45754e1000-7f45754e5000 ---p 00000000 00:00 0 
7f45754e5000-7f45755e2000 rw-p 00000000 00:00 0 
7f45755e2000-7f45755e6000 ---p 00000000 00:00 0 
7f45755e6000-7f45756e3000 rw-p 00000000 00:00 0 
7f45756e3000-7f45756e7000 ---p 00000000 00:00 0 
7f45756e7000-7f45757e4000 rw-p 00000000 00:00 0 
7f45757e4000-7f45757e8000 ---p 00000000 00:00 0 
7f45757e8000-7f45758e5000 rw-p 00000000 00:00 0 
7f45758e5000-7f45758e9000 ---p 00000000 00:00 0 
7f45758e9000-7f45759e6000 rw-p 00000000 00:00 0 
7f45759e6000-7f45759e8000 r-xp 00000000 fd:01 660081                     /usr/lib/jvm/java-11-openjdk-11.0.17.0.8-2.el7_9.x86_64/lib/libextnet.so
7f45759e8000-7f4575be7000 ---p 00002000 fd:01 660081                     /usr/lib/jvm/java-11-openjdk-11.0.17.0.8-2.el7_9.x86_64/lib/libextnet.so
7f4575be7000-7f4575be8000 r--p 00001000 fd:01 660081                     /usr/lib/jvm/java-11-openjdk-11.0.17.0.8-2.el7_9.x86_64/lib/libextnet.so
7f4575be8000-7f4575de9000 rw-p 00000000 00:00 0 
7f4575de9000-7f4575dff000 r-xp 00000000 fd:01 660099                     /usr/lib/jvm/java-11-openjdk-11.0.17.0.8-2.el7_9.x86_64/lib/libnet.so
7f4575dff000-7f4575ffe000 ---p 00016000 fd:01 660099                     /usr/lib/jvm/java-11-openjdk-11.0.17.0.8-2.el7_9.x86_64/lib/libnet.so
7f4575ffe000-7f4575fff000 r--p 00015000 fd:01 660099                     /usr/lib/jvm/java-11-openjdk-11.0.17.0.8-2.el7_9.x86_64/lib/libnet.so
7f4575fff000-7f4576000000 rw-p 00016000 fd:01 660099                     /usr/lib/jvm/java-11-openjdk-11.0.17.0.8-2.el7_9.x86_64/lib/libnet.so
7f4576000000-7f4578000000 rw-p 00000000 00:00 0 
7f4578000000-7f4578027000 rw-p 00000000 00:00 0 
7f4578027000-7f457c000000 ---p 00000000 00:00 0 
7f457c009000-7f457c00d000 ---p 00000000 00:00 0 
7f457c00d000-7f457c10a000 rw-p 00000000 00:00 0 
7f457c10a000-7f457c10b000 ---p 00000000 00:00 0 
7f457c10b000-7f457c20c000 rw-p 00000000 00:00 0 
7f457c20c000-7f457c21d000 r-xp 00000000 fd:01 660100                     /usr/lib/jvm/java-11-openjdk-11.0.17.0.8-2.el7_9.x86_64/lib/libnio.so
7f457c21d000-7f457c41c000 ---p 00011000 fd:01 660100                     /usr/lib/jvm/java-11-openjdk-11.0.17.0.8-2.el7_9.x86_64/lib/libnio.so
7f457c41c000-7f457c41d000 r--p 00010000 fd:01 660100                     /usr/lib/jvm/java-11-openjdk-11.0.17.0.8-2.el7_9.x86_64/lib/libnio.so
7f457c41d000-7f457c41e000 rw-p 00011000 fd:01 660100                     /usr/lib/jvm/java-11-openjdk-11.0.17.0.8-2.el7_9.x86_64/lib/libnio.so
7f457c41e000-7f457c422000 ---p 00000000 00:00 0 
7f457c422000-7f457c51f000 rw-p 00000000 00:00 0 
7f457c51f000-7f457c520000 ---p 00000000 00:00 0 
7f457c520000-7f457c621000 rw-p 00000000 00:00 0 
7f457c621000-7f457c625000 ---p 00000000 00:00 0 
7f457c625000-7f457c722000 rw-p 00000000 00:00 0 
7f457c722000-7f457c726000 ---p 00000000 00:00 0 
7f457c726000-7f457c823000 rw-p 00000000 00:00 0 
7f457c823000-7f457c827000 ---p 00000000 00:00 0 
7f457c827000-7f457c924000 rw-p 00000000 00:00 0 
7f457c924000-7f457c928000 ---p 00000000 00:00 0 
7f457c928000-7f457ca25000 rw-p 00000000 00:00 0 
7f457ca25000-7f457ca29000 ---p 00000000 00:00 0 
7f457ca29000-7f457cb26000 rw-p 00000000 00:00 0 
7f457cb26000-7f457cb2a000 ---p 00000000 00:00 0 
7f457cb2a000-7f457cc27000 rw-p 00000000 00:00 0 
7f457cc27000-7f457cc2b000 ---p 00000000 00:00 0 
7f457cc2b000-7f457cd28000 rw-p 00000000 00:00 0 
7f457cd28000-7f457cd29000 ---p 00000000 00:00 0 
7f457cd29000-7f457d6ab000 rw-p 00000000 00:00 0 
7f457d6ab000-7f457d6ac000 ---p 00000000 00:00 0 
7f457d6ac000-7f457d7ad000 rw-p 00000000 00:00 0 
7f457d7ad000-7f457d7ae000 ---p 00000000 00:00 0 
7f457d7ae000-7f457dab1000 rw-p 00000000 00:00 0 
7f457dab1000-7f457dab2000 ---p 00000000 00:00 0 
7f457dab2000-7f457dbb3000 rw-p 00000000 00:00 0 
7f457dbb3000-7f457dbb4000 ---p 00000000 00:00 0 
7f457dbb4000-7f457e0dd000 rw-p 00000000 00:00 0 
7f457e0dd000-7f457eb1d000 ---p 00000000 00:00 0 
7f457eb1d000-7f457ef4d000 rw-p 00000000 00:00 0 
7f457ef4d000-7f457f98d000 ---p 00000000 00:00 0 
7f457f98d000-7f457fa1a000 rw-p 00000000 00:00 0 
7f457fa1a000-7f457fb62000 ---p 00000000 00:00 0 
7f457fb62000-7f457fbe8000 rw-p 00000000 00:00 0 
7f457fbe8000-7f457fd30000 ---p 00000000 00:00 0 
7f457fd30000-7f457fdb6000 rw-p 00000000 00:00 0 
7f457fdb6000-7f457fefe000 ---p 00000000 00:00 0 
7f457fefe000-7f4580000000 rw-p 00000000 00:00 0 
7f4580000000-7f458003c000 rw-p 00000000 00:00 0 
7f458003c000-7f4584000000 ---p 00000000 00:00 0 
7f458400b000-7f4584012000 r--s 00000000 fd:01 4224                       /usr/lib64/gconv/gconv-modules.cache
7f4584012000-7f4584113000 rw-p 00000000 00:00 0 
7f4584113000-7f4584114000 ---p 00000000 00:00 0 
7f4584114000-7f4584228000 rw-p 00000000 00:00 0 
7f4584228000-7f4584300000 ---p 00000000 00:00 0 
7f4584300000-7f4584324000 rw-p 00000000 00:00 0 
7f4584324000-7f45843eb000 ---p 00000000 00:00 0 
7f45843eb000-7f458465b000 rwxp 00000000 00:00 0 
7f458465b000-7f458497a000 ---p 00000000 00:00 0 
7f458497a000-7f4585b2a000 rwxp 00000000 00:00 0 
7f4585b2a000-7f458beb2000 ---p 00000000 00:00 0 
7f458beb2000-7f458c822000 rwxp 00000000 00:00 0 
7f458c822000-7f45933eb000 ---p 00000000 00:00 0 
7f45933eb000-7f459bbe4000 r--s 00000000 fd:01 660109                     /usr/lib/jvm/java-11-openjdk-11.0.17.0.8-2.el7_9.x86_64/lib/modules
7f459bbe4000-7f459bbec000 r-xp 00000000 fd:01 660108                     /usr/lib/jvm/java-11-openjdk-11.0.17.0.8-2.el7_9.x86_64/lib/libzip.so
7f459bbec000-7f459bdeb000 ---p 00008000 fd:01 660108                     /usr/lib/jvm/java-11-openjdk-11.0.17.0.8-2.el7_9.x86_64/lib/libzip.so
7f459bdeb000-7f459bdec000 r--p 00007000 fd:01 660108                     /usr/lib/jvm/java-11-openjdk-11.0.17.0.8-2.el7_9.x86_64/lib/libzip.so
7f459bdec000-7f459bded000 rw-p 00000000 00:00 0 
7f459bded000-7f459bdf9000 r-xp 00000000 fd:01 21144                      /usr/lib64/libnss_files-2.17.so
7f459bdf9000-7f459bff8000 ---p 0000c000 fd:01 21144                      /usr/lib64/libnss_files-2.17.so
7f459bff8000-7f459bff9000 r--p 0000b000 fd:01 21144                      /usr/lib64/libnss_files-2.17.so
7f459bff9000-7f459bffa000 rw-p 0000c000 fd:01 21144                      /usr/lib64/libnss_files-2.17.so
7f459bffa000-7f459c000000 rw-p 00000000 00:00 0 
7f459c000000-7f459c93f000 rw-p 00000000 00:00 0 
7f459c93f000-7f45a0000000 ---p 00000000 00:00 0 
7f45a0000000-7f45a0004000 ---p 00000000 00:00 0 
7f45a0004000-7f45a0022000 rw-p 00000000 00:00 0 
7f45a0022000-7f45a0027000 r-xp 00000000 fd:01 660091                     /usr/lib/jvm/java-11-openjdk-11.0.17.0.8-2.el7_9.x86_64/lib/libjimage.so
7f45a0027000-7f45a0227000 ---p 00005000 fd:01 660091                     /usr/lib/jvm/java-11-openjdk-11.0.17.0.8-2.el7_9.x86_64/lib/libjimage.so
7f45a0227000-7f45a0228000 r--p 00005000 fd:01 660091                     /usr/lib/jvm/java-11-openjdk-11.0.17.0.8-2.el7_9.x86_64/lib/libjimage.so
7f45a0228000-7f45a0229000 rw-p 00006000 fd:01 660091                     /usr/lib/jvm/java-11-openjdk-11.0.17.0.8-2.el7_9.x86_64/lib/libjimage.so
7f45a0229000-7f45a0253000 r-xp 00000000 fd:01 660088                     /usr/lib/jvm/java-11-openjdk-11.0.17.0.8-2.el7_9.x86_64/lib/libjava.so
7f45a0253000-7f45a0452000 ---p 0002a000 fd:01 660088                     /usr/lib/jvm/java-11-openjdk-11.0.17.0.8-2.el7_9.x86_64/lib/libjava.so
7f45a0452000-7f45a0453000 r--p 00029000 fd:01 660088                     /usr/lib/jvm/java-11-openjdk-11.0.17.0.8-2.el7_9.x86_64/lib/libjava.so
7f45a0453000-7f45a0454000 rw-p 0002a000 fd:01 660088                     /usr/lib/jvm/java-11-openjdk-11.0.17.0.8-2.el7_9.x86_64/lib/libjava.so
7f45a0454000-7f45a0455000 rw-p 00000000 00:00 0 
7f45a0455000-7f45a0462000 r-xp 00000000 fd:01 660107                     /usr/lib/jvm/java-11-openjdk-11.0.17.0.8-2.el7_9.x86_64/lib/libverify.so
7f45a0462000-7f45a0662000 ---p 0000d000 fd:01 660107                     /usr/lib/jvm/java-11-openjdk-11.0.17.0.8-2.el7_9.x86_64/lib/libverify.so
7f45a0662000-7f45a0664000 r--p 0000d000 fd:01 660107                     /usr/lib/jvm/java-11-openjdk-11.0.17.0.8-2.el7_9.x86_64/lib/libverify.so
7f45a0664000-7f45a0665000 rw-p 00000000 00:00 0 
7f45a0665000-7f45a066c000 r-xp 00000000 fd:01 21147                      /usr/lib64/librt-2.17.so
7f45a066c000-7f45a086b000 ---p 00007000 fd:01 21147                      /usr/lib64/librt-2.17.so
7f45a086b000-7f45a086c000 r--p 00006000 fd:01 21147                      /usr/lib64/librt-2.17.so
7f45a086c000-7f45a086d000 rw-p 00007000 fd:01 21147                      /usr/lib64/librt-2.17.so
7f45a086d000-7f45a0882000 r-xp 00000000 fd:01 3501                       /usr/lib64/libgcc_s-4.8.5-20150702.so.1
7f45a0882000-7f45a0a81000 ---p 00015000 fd:01 3501                       /usr/lib64/libgcc_s-4.8.5-20150702.so.1
7f45a0a81000-7f45a0a82000 r--p 00014000 fd:01 3501                       /usr/lib64/libgcc_s-4.8.5-20150702.so.1
7f45a0a82000-7f45a0a83000 rw-p 00015000 fd:01 3501                       /usr/lib64/libgcc_s-4.8.5-20150702.so.1
7f45a0a83000-7f45a0b84000 r-xp 00000000 fd:01 21141                      /usr/lib64/libm-2.17.so
7f45a0b84000-7f45a0d83000 ---p 00101000 fd:01 21141                      /usr/lib64/libm-2.17.so
7f45a0d83000-7f45a0d84000 r--p 00100000 fd:01 21141                      /usr/lib64/libm-2.17.so
7f45a0d84000-7f45a0d85000 rw-p 00101000 fd:01 21141                      /usr/lib64/libm-2.17.so
7f45a0d85000-7f45a0f4e000 r-xp 00000000 fd:01 20956                      /usr/lib64/libstdc++.so.6.0.27
7f45a0f4e000-7f45a114d000 ---p 001c9000 fd:01 20956                      /usr/lib64/libstdc++.so.6.0.27
7f45a114d000-7f45a1158000 r--p 001c8000 fd:01 20956                      /usr/lib64/libstdc++.so.6.0.27
7f45a1158000-7f45a115b000 rw-p 001d3000 fd:01 20956                      /usr/lib64/libstdc++.so.6.0.27
7f45a115b000-7f45a115e000 rw-p 00000000 00:00 0 
7f45a115e000-7f45a23a2000 r-xp 00000000 fd:01 660120                     /usr/lib/jvm/java-11-openjdk-11.0.17.0.8-2.el7_9.x86_64/lib/server/libjvm.so
7f45a23a2000-7f45a25a2000 ---p 01244000 fd:01 660120                     /usr/lib/jvm/java-11-openjdk-11.0.17.0.8-2.el7_9.x86_64/lib/server/libjvm.so
7f45a25a2000-7f45a2677000 r--p 01244000 fd:01 660120                     /usr/lib/jvm/java-11-openjdk-11.0.17.0.8-2.el7_9.x86_64/lib/server/libjvm.so
7f45a2677000-7f45a26b3000 rw-p 01319000 fd:01 660120                     /usr/lib/jvm/java-11-openjdk-11.0.17.0.8-2.el7_9.x86_64/lib/server/libjvm.so
7f45a26b3000-7f45a270d000 rw-p 00000000 00:00 0 
7f45a270d000-7f45a28d1000 r-xp 00000000 fd:01 3908                       /usr/lib64/libc-2.17.so
7f45a28d1000-7f45a2ad0000 ---p 001c4000 fd:01 3908                       /usr/lib64/libc-2.17.so
7f45a2ad0000-7f45a2ad4000 r--p 001c3000 fd:01 3908                       /usr/lib64/libc-2.17.so
7f45a2ad4000-7f45a2ad6000 rw-p 001c7000 fd:01 3908                       /usr/lib64/libc-2.17.so
7f45a2ad6000-7f45a2adb000 rw-p 00000000 00:00 0 
7f45a2adb000-7f45a2add000 r-xp 00000000 fd:01 21140                      /usr/lib64/libdl-2.17.so
7f45a2add000-7f45a2cdd000 ---p 00002000 fd:01 21140                      /usr/lib64/libdl-2.17.so
7f45a2cdd000-7f45a2cde000 r--p 00002000 fd:01 21140                      /usr/lib64/libdl-2.17.so
7f45a2cde000-7f45a2cdf000 rw-p 00003000 fd:01 21140                      /usr/lib64/libdl-2.17.so
7f45a2cdf000-7f45a2cef000 r-xp 00000000 fd:01 660073                     /usr/lib/jvm/java-11-openjdk-11.0.17.0.8-2.el7_9.x86_64/lib/jli/libjli.so
7f45a2cef000-7f45a2eee000 ---p 00010000 fd:01 660073                     /usr/lib/jvm/java-11-openjdk-11.0.17.0.8-2.el7_9.x86_64/lib/jli/libjli.so
7f45a2eee000-7f45a2eef000 r--p 0000f000 fd:01 660073                     /usr/lib/jvm/java-11-openjdk-11.0.17.0.8-2.el7_9.x86_64/lib/jli/libjli.so
7f45a2eef000-7f45a2ef0000 rw-p 00010000 fd:01 660073                     /usr/lib/jvm/java-11-openjdk-11.0.17.0.8-2.el7_9.x86_64/lib/jli/libjli.so
7f45a2ef0000-7f45a2f07000 r-xp 00000000 fd:01 3934                       /usr/lib64/libpthread-2.17.so
7f45a2f07000-7f45a3106000 ---p 00017000 fd:01 3934                       /usr/lib64/libpthread-2.17.so
7f45a3106000-7f45a3107000 r--p 00016000 fd:01 3934                       /usr/lib64/libpthread-2.17.so
7f45a3107000-7f45a3108000 rw-p 00017000 fd:01 3934                       /usr/lib64/libpthread-2.17.so
7f45a3108000-7f45a310c000 rw-p 00000000 00:00 0 
7f45a310c000-7f45a3121000 r-xp 00000000 fd:01 4203                       /usr/lib64/libz.so.1.2.7
7f45a3121000-7f45a3320000 ---p 00015000 fd:01 4203                       /usr/lib64/libz.so.1.2.7
7f45a3320000-7f45a3321000 r--p 00014000 fd:01 4203                       /usr/lib64/libz.so.1.2.7
7f45a3321000-7f45a3322000 rw-p 00015000 fd:01 4203                       /usr/lib64/libz.so.1.2.7
7f45a3322000-7f45a3344000 r-xp 00000000 fd:01 5009                       /usr/lib64/ld-2.17.so
7f45a3346000-7f45a335f000 r--s 00000000 fd:01 1054828                    /root/soft/opengrok-1.5.12/data/index/wireshark/_2s.nvd
7f45a335f000-7f45a3363000 ---p 00000000 00:00 0 
7f45a3363000-7f45a3381000 rw-p 00000000 00:00 0 
7f45a3381000-7f45a3385000 ---p 00000000 00:00 0 
7f45a3385000-7f45a3422000 rw-p 00000000 00:00 0 
7f45a3422000-7f45a3429000 ---p 00000000 00:00 0 
7f45a3429000-7f45a342d000 ---p 00000000 00:00 0 
7f45a342d000-7f45a352f000 rw-p 00000000 00:00 0 
7f45a3535000-7f45a3536000 r--s 00000000 fd:01 1055300                    /root/soft/opengrok-1.5.12/data/index/wireshark/_2s.tvx
7f45a3536000-7f45a3537000 r--s 00000000 fd:01 1054851                    /root/soft/opengrok-1.5.12/data/index/wireshark/_2s.fdx
7f45a3537000-7f45a3538000 rw-p 00000000 00:00 0 
7f45a3538000-7f45a3540000 rw-s 00000000 fd:01 30724                      /tmp/hsperfdata_root/5329
7f45a3540000-7f45a3541000 ---p 00000000 00:00 0 
7f45a3541000-7f45a3542000 r--p 00000000 00:00 0 
7f45a3542000-7f45a3543000 rw-p 00000000 00:00 0 
7f45a3543000-7f45a3544000 r--p 00021000 fd:01 5009                       /usr/lib64/ld-2.17.so
7f45a3544000-7f45a3545000 rw-p 00022000 fd:01 5009                       /usr/lib64/ld-2.17.so
7f45a3545000-7f45a3546000 rw-p 00000000 00:00 0 
7ffed65f8000-7ffed6619000 rw-p 00000000 00:00 0                          [stack]
7ffed675a000-7ffed675c000 r-xp 00000000 00:00 0                          [vdso]
ffffffffff600000-ffffffffff601000 r-xp 00000000 00:00 0                  [vsyscall]


VM Arguments:
jvm_args: -Djava.util.logging.config.file=/root/soft/opengrok-1.5.12/etc/logging.properties 
java_command: /root/soft/opengrok-1.5.12/lib/opengrok.jar -c /usr/local/bin/ctags -s /root/work/git/ -d /root/soft/opengrok-1.5.12/data -H -P -S -G -W /root/soft/opengrok-1.5.12/etc/configuration.xml -U http://localhost:8081/source
java_class_path (initial): /root/soft/opengrok-1.5.12/lib/opengrok.jar
Launcher Type: SUN_STANDARD

[Global flags]
     intx CICompilerCount                          = 2                                         {product} {ergonomic}
     uint ConcGCThreads                            = 1                                         {product} {ergonomic}
     uint G1ConcRefinementThreads                  = 2                                         {product} {ergonomic}
   size_t G1HeapRegionSize                         = 1048576                                   {product} {ergonomic}
    uintx GCDrainStackTargetSize                   = 64                                        {product} {ergonomic}
   size_t InitialHeapSize                          = 60817408                                  {product} {ergonomic}
   size_t MarkStackSize                            = 4194304                                   {product} {ergonomic}
   size_t MaxHeapSize                              = 968884224                                 {product} {ergonomic}
   size_t MaxNewSize                               = 580911104                                 {product} {ergonomic}
   size_t MinHeapDeltaBytes                        = 1048576                                   {product} {ergonomic}
    uintx NonNMethodCodeHeapSize                   = 5825164                                {pd product} {ergonomic}
    uintx NonProfiledCodeHeapSize                  = 122916538                              {pd product} {ergonomic}
    uintx ProfiledCodeHeapSize                     = 122916538                              {pd product} {ergonomic}
    uintx ReservedCodeCacheSize                    = 251658240                              {pd product} {ergonomic}
     bool SegmentedCodeCache                       = true                                      {product} {ergonomic}
     bool UseCompressedClassPointers               = true                                 {lp64_product} {ergonomic}
     bool UseCompressedOops                        = true                                 {lp64_product} {ergonomic}
     bool UseG1GC                                  = true                                      {product} {ergonomic}

Logging:
Log output configuration:
 #0: stdout all=warning uptime,level,tags
 #1: stderr all=off uptime,level,tags

Environment Variables:
JAVA_HOME=/usr/lib/jvm/java-11-openjdk-amd64/
PATH=/usr/lib/jvm/java-11-openjdk-amd64//bin:/usr/bin:/bin
SHELL=/bin/sh
LANG=en_US.utf8

Signal Handlers:
SIGSEGV: [libjvm.so+0xf09d60], sa_mask[0]=11111111011111111101111111111110, sa_flags=SA_RESTART|SA_SIGINFO
SIGBUS: [libjvm.so+0xf09d60], sa_mask[0]=11111111011111111101111111111110, sa_flags=SA_RESTART|SA_SIGINFO
SIGFPE: [libjvm.so+0xf09d60], sa_mask[0]=11111111011111111101111111111110, sa_flags=SA_RESTART|SA_SIGINFO
SIGPIPE: [libjvm.so+0xc53950], sa_mask[0]=11111111011111111101111111111110, sa_flags=SA_RESTART|SA_SIGINFO
SIGXFSZ: [libjvm.so+0xc53950], sa_mask[0]=11111111011111111101111111111110, sa_flags=SA_RESTART|SA_SIGINFO
SIGILL: [libjvm.so+0xf09d60], sa_mask[0]=11111111011111111101111111111110, sa_flags=SA_RESTART|SA_SIGINFO
SIGUSR2: [libjvm.so+0xc537d0], sa_mask[0]=00000000000000000000000000000000, sa_flags=SA_RESTART|SA_SIGINFO
SIGHUP: [libjvm.so+0xc539a0], sa_mask[0]=11111111011111111101111111111110, sa_flags=SA_RESTART|SA_SIGINFO
SIGINT: [libjvm.so+0xc539a0], sa_mask[0]=11111111011111111101111111111110, sa_flags=SA_RESTART|SA_SIGINFO
SIGTERM: [libjvm.so+0xc539a0], sa_mask[0]=11111111011111111101111111111110, sa_flags=SA_RESTART|SA_SIGINFO
SIGQUIT: [libjvm.so+0xc539a0], sa_mask[0]=11111111011111111101111111111110, sa_flags=SA_RESTART|SA_SIGINFO


---------------  S Y S T E M  ---------------

OS:CentOS Linux release 7.6.1810 (Core) 
uname:Linux 3.10.0-1160.71.1.el7.x86_64 #1 SMP Tue Jun 28 15:37:28 UTC 2022 x86_64
OS uptime: 14 days 17:35 hours
libc:glibc 2.17 NPTL 2.17 
rlimit (soft/hard): STACK 8192k/infinity , CORE 0k/infinity , NPROC 14690/14690 , NOFILE 100002/100002 , AS infinity/infinity , CPU infinity/infinity , DATA infinity/infinity , FSIZE infinity/infinity , MEMLOCK infinity/infinity
load average:9.92 7.95 5.14

/proc/meminfo:
MemTotal:        3782868 kB
MemFree:          113796 kB
MemAvailable:      75164 kB
Buffers:            1008 kB
Cached:           354108 kB
SwapCached:            0 kB
Active:          3335184 kB
Inactive:         167416 kB
Active(anon):    3282444 kB
Inactive(anon):    87764 kB
Active(file):      52740 kB
Inactive(file):    79652 kB
Unevictable:       10356 kB
Mlocked:           10356 kB
SwapTotal:             0 kB
SwapFree:              0 kB
Dirty:              5836 kB
Writeback:             0 kB
AnonPages:       3157904 kB
Mapped:            25668 kB
Shmem:            213996 kB
Slab:              53056 kB
SReclaimable:      30136 kB
SUnreclaim:        22920 kB
KernelStack:        6352 kB
PageTables:        30340 kB
NFS_Unstable:          0 kB
Bounce:                0 kB
WritebackTmp:          0 kB
CommitLimit:     1891432 kB
Committed_AS:    4343660 kB
VmallocTotal:   34359738367 kB
VmallocUsed:       12832 kB
VmallocChunk:   34359720444 kB
Percpu:              328 kB
HardwareCorrupted:     0 kB
AnonHugePages:     49152 kB
CmaTotal:              0 kB
CmaFree:               0 kB
HugePages_Total:       0
HugePages_Free:        0
HugePages_Rsvd:        0
HugePages_Surp:        0
Hugepagesize:       2048 kB
DirectMap4k:       61304 kB
DirectMap2M:     3084288 kB
DirectMap1G:     3145728 kB

/sys/kernel/mm/transparent_hugepage/enabled:
[always] madvise never
/sys/kernel/mm/transparent_hugepage/defrag (defrag/compaction efforts parameter):
[always] madvise never

Process Memory:
Virtual Size: 3767860K (peak: 12358152K)
Resident Set Size: 413412K (peak: 437356K) (anon: 405916K, file: 7496K, shmem: 0K)
Swapped out: 0K
C-Heap outstanding allocations: 34481K, retained: 40998K
glibc malloc tunables: (default)

/proc/sys/kernel/threads-max (system-wide limit on the number of threads):
29381
/proc/sys/vm/max_map_count (maximum number of memory map areas a process may have):
65530
/proc/sys/kernel/pid_max (system-wide limit on number of process identifiers):
32768

container (cgroup) information:
container_type: cgroupv1
cpu_cpuset_cpus: 0-1
cpu_memory_nodes: 0
active_processor_count: 2
cpu_quota: no quota
cpu_period: 100000
cpu_shares: no shares
memory_limit_in_bytes: unlimited
memory_and_swap_limit_in_bytes: unlimited
memory_soft_limit_in_bytes: unlimited
memory_usage_in_bytes: 3514532 k
memory_max_usage_in_bytes: 394588 k
maximum number of tasks: not supported
current number of tasks: 397

KVM virtualization detected
Steal ticks since vm start: 0
Steal ticks percentage since vm start:  0.000

CPU:total 2 (initial active 2) (2 cores per cpu, 1 threads per core) family 6 model 94 stepping 3 microcode 0x1, cmov, cx8, fxsr, mmx, sse, sse2, sse3, ssse3, sse4.1, sse4.2, popcnt, avx, avx2, aes, clmul, erms, rtm, 3dnowpref, lzcnt, tsc, bmi1, bmi2, adx, fma
CPU Model and flags from /proc/cpuinfo:
model name	: Intel(R) Xeon(R) Gold 6133 CPU @ 2.50GHz
flags		: fpu vme de pse tsc msr pae mce cx8 apic sep mtrr pge mca cmov pat pse36 clflush mmx fxsr sse sse2 ss ht syscall nx pdpe1gb rdtscp lm constant_tsc rep_good nopl eagerfpu pni pclmulqdq ssse3 fma cx16 pcid sse4_1 sse4_2 x2apic movbe popcnt tsc_deadline_timer aes xsave avx f16c rdrand hypervisor lahf_lm abm 3dnowprefetch invpcid_single fsgsbase bmi1 hle avx2 smep bmi2 erms invpcid rtm mpx rdseed adx smap clflushopt xsaveopt xsavec xgetbv1 arat
Online cpus:
0-1
Offline cpus:

BIOS frequency limitation:
<Not Available>
Frequency switch latency (ns):
<Not Available>
Available cpu frequencies:
<Not Available>
Current governor:
<Not Available>
Core performance/turbo boost:
<Not Available>

Memory: 4k page, physical 3782868k(111732k free), swap 0k(0k free)

vm_info: OpenJDK 64-Bit Server VM (11.0.17+8-LTS) for linux-amd64 JRE (11.0.17+8-LTS), built on Oct 21 2022 14:33:13 by "mockbuild" with gcc 4.8.5 20150623 (Red Hat 4.8.5-44)

END.
